mode: set
github.com/mypurecloud/terraform-provider-genesyscloud/genesyscloud/business_rules_schema/data_source_genesyscloud_business_rules_schema.go:22.120,30.72 4 1
github.com/mypurecloud/terraform-provider-genesyscloud/genesyscloud/business_rules_schema/data_source_genesyscloud_business_rules_schema.go:30.72,32.31 2 1
github.com/mypurecloud/terraform-provider-genesyscloud/genesyscloud/business_rules_schema/data_source_genesyscloud_business_rules_schema.go:32.31,34.4 1 0
github.com/mypurecloud/terraform-provider-genesyscloud/genesyscloud/business_rules_schema/data_source_genesyscloud_business_rules_schema.go:36.3,36.16 1 1
github.com/mypurecloud/terraform-provider-genesyscloud/genesyscloud/business_rules_schema/data_source_genesyscloud_business_rules_schema.go:36.16,38.4 1 0
github.com/mypurecloud/terraform-provider-genesyscloud/genesyscloud/business_rules_schema/data_source_genesyscloud_business_rules_schema.go:40.3,40.24 1 1
github.com/mypurecloud/terraform-provider-genesyscloud/genesyscloud/business_rules_schema/data_source_genesyscloud_business_rules_schema.go:40.24,42.4 1 0
github.com/mypurecloud/terraform-provider-genesyscloud/genesyscloud/business_rules_schema/data_source_genesyscloud_business_rules_schema.go:44.3,46.13 3 1
github.com/mypurecloud/terraform-provider-genesyscloud/genesyscloud/business_rules_schema/genesyscloud_business_rules_schema_proxy.go:49.106,65.2 3 1
github.com/mypurecloud/terraform-provider-genesyscloud/genesyscloud/business_rules_schema/genesyscloud_business_rules_schema_proxy.go:69.106,70.26 1 1
github.com/mypurecloud/terraform-provider-genesyscloud/genesyscloud/business_rules_schema/genesyscloud_business_rules_schema_proxy.go:70.26,72.3 1 1
github.com/mypurecloud/terraform-provider-genesyscloud/genesyscloud/business_rules_schema/genesyscloud_business_rules_schema_proxy.go:73.2,73.22 1 1
github.com/mypurecloud/terraform-provider-genesyscloud/genesyscloud/business_rules_schema/genesyscloud_business_rules_schema_proxy.go:77.189,79.2 1 1
github.com/mypurecloud/terraform-provider-genesyscloud/genesyscloud/business_rules_schema/genesyscloud_business_rules_schema_proxy.go:82.154,84.2 1 1
github.com/mypurecloud/terraform-provider-genesyscloud/genesyscloud/business_rules_schema/genesyscloud_business_rules_schema_proxy.go:87.204,89.2 1 1
github.com/mypurecloud/terraform-provider-genesyscloud/genesyscloud/business_rules_schema/genesyscloud_business_rules_schema_proxy.go:92.180,94.2 1 1
github.com/mypurecloud/terraform-provider-genesyscloud/genesyscloud/business_rules_schema/genesyscloud_business_rules_schema_proxy.go:97.206,99.2 1 1
github.com/mypurecloud/terraform-provider-genesyscloud/genesyscloud/business_rules_schema/genesyscloud_business_rules_schema_proxy.go:102.142,104.2 1 1
github.com/mypurecloud/terraform-provider-genesyscloud/genesyscloud/business_rules_schema/genesyscloud_business_rules_schema_proxy.go:107.174,109.2 1 1
github.com/mypurecloud/terraform-provider-genesyscloud/genesyscloud/business_rules_schema/genesyscloud_business_rules_schema_proxy.go:112.190,116.16 4 1
github.com/mypurecloud/terraform-provider-genesyscloud/genesyscloud/business_rules_schema/genesyscloud_business_rules_schema_proxy.go:116.16,118.3 1 0
github.com/mypurecloud/terraform-provider-genesyscloud/genesyscloud/business_rules_schema/genesyscloud_business_rules_schema_proxy.go:119.2,119.33 1 1
github.com/mypurecloud/terraform-provider-genesyscloud/genesyscloud/business_rules_schema/genesyscloud_business_rules_schema_proxy.go:123.155,129.16 2 1
github.com/mypurecloud/terraform-provider-genesyscloud/genesyscloud/business_rules_schema/genesyscloud_business_rules_schema_proxy.go:129.16,131.3 1 0
github.com/mypurecloud/terraform-provider-genesyscloud/genesyscloud/business_rules_schema/genesyscloud_business_rules_schema_proxy.go:132.2,132.52 1 1
github.com/mypurecloud/terraform-provider-genesyscloud/genesyscloud/business_rules_schema/genesyscloud_business_rules_schema_proxy.go:132.52,134.3 1 0
github.com/mypurecloud/terraform-provider-genesyscloud/genesyscloud/business_rules_schema/genesyscloud_business_rules_schema_proxy.go:135.2,135.36 1 1
github.com/mypurecloud/terraform-provider-genesyscloud/genesyscloud/business_rules_schema/genesyscloud_business_rules_schema_proxy.go:139.213,143.16 3 1
github.com/mypurecloud/terraform-provider-genesyscloud/genesyscloud/business_rules_schema/genesyscloud_business_rules_schema_proxy.go:143.16,145.3 1 0
github.com/mypurecloud/terraform-provider-genesyscloud/genesyscloud/business_rules_schema/genesyscloud_business_rules_schema_proxy.go:147.2,147.34 1 1
github.com/mypurecloud/terraform-provider-genesyscloud/genesyscloud/business_rules_schema/genesyscloud_business_rules_schema_proxy.go:147.34,148.49 1 1
github.com/mypurecloud/terraform-provider-genesyscloud/genesyscloud/business_rules_schema/genesyscloud_business_rules_schema_proxy.go:148.49,150.4 1 1
github.com/mypurecloud/terraform-provider-genesyscloud/genesyscloud/business_rules_schema/genesyscloud_business_rules_schema_proxy.go:153.2,153.28 1 1
github.com/mypurecloud/terraform-provider-genesyscloud/genesyscloud/business_rules_schema/genesyscloud_business_rules_schema_proxy.go:153.28,155.3 1 0
github.com/mypurecloud/terraform-provider-genesyscloud/genesyscloud/business_rules_schema/genesyscloud_business_rules_schema_proxy.go:156.2,156.40 1 1
github.com/mypurecloud/terraform-provider-genesyscloud/genesyscloud/business_rules_schema/genesyscloud_business_rules_schema_proxy.go:160.181,162.32 2 1
github.com/mypurecloud/terraform-provider-genesyscloud/genesyscloud/business_rules_schema/genesyscloud_business_rules_schema_proxy.go:162.32,164.3 1 0
github.com/mypurecloud/terraform-provider-genesyscloud/genesyscloud/business_rules_schema/genesyscloud_business_rules_schema_proxy.go:165.2,165.54 1 1
github.com/mypurecloud/terraform-provider-genesyscloud/genesyscloud/business_rules_schema/genesyscloud_business_rules_schema_proxy.go:169.207,171.16 2 1
github.com/mypurecloud/terraform-provider-genesyscloud/genesyscloud/business_rules_schema/genesyscloud_business_rules_schema_proxy.go:171.16,173.3 1 0
github.com/mypurecloud/terraform-provider-genesyscloud/genesyscloud/business_rules_schema/genesyscloud_business_rules_schema_proxy.go:174.2,174.26 1 1
github.com/mypurecloud/terraform-provider-genesyscloud/genesyscloud/business_rules_schema/genesyscloud_business_rules_schema_proxy.go:178.143,180.16 2 1
github.com/mypurecloud/terraform-provider-genesyscloud/genesyscloud/business_rules_schema/genesyscloud_business_rules_schema_proxy.go:180.16,182.3 1 0
github.com/mypurecloud/terraform-provider-genesyscloud/genesyscloud/business_rules_schema/genesyscloud_business_rules_schema_proxy.go:183.2,184.18 2 1
github.com/mypurecloud/terraform-provider-genesyscloud/genesyscloud/business_rules_schema/genesyscloud_business_rules_schema_proxy.go:188.175,197.38 5 1
github.com/mypurecloud/terraform-provider-genesyscloud/genesyscloud/business_rules_schema/genesyscloud_business_rules_schema_proxy.go:197.38,199.3 1 1
github.com/mypurecloud/terraform-provider-genesyscloud/genesyscloud/business_rules_schema/genesyscloud_business_rules_schema_proxy.go:201.2,201.48 1 1
github.com/mypurecloud/terraform-provider-genesyscloud/genesyscloud/business_rules_schema/genesyscloud_business_rules_schema_proxy.go:201.48,203.3 1 1
github.com/mypurecloud/terraform-provider-genesyscloud/genesyscloud/business_rules_schema/genesyscloud_business_rules_schema_proxy.go:205.2,210.16 5 1
github.com/mypurecloud/terraform-provider-genesyscloud/genesyscloud/business_rules_schema/genesyscloud_business_rules_schema_proxy.go:210.16,212.3 1 0
github.com/mypurecloud/terraform-provider-genesyscloud/genesyscloud/business_rules_schema/genesyscloud_business_rules_schema_proxy.go:213.2,213.27 1 1
github.com/mypurecloud/terraform-provider-genesyscloud/genesyscloud/business_rules_schema/genesyscloud_business_rules_schema_proxy.go:213.27,215.3 1 0
github.com/mypurecloud/terraform-provider-genesyscloud/genesyscloud/business_rules_schema/genesyscloud_business_rules_schema_proxy.go:217.2,218.16 2 1
github.com/mypurecloud/terraform-provider-genesyscloud/genesyscloud/business_rules_schema/genesyscloud_business_rules_schema_proxy.go:218.16,220.3 1 0
github.com/mypurecloud/terraform-provider-genesyscloud/genesyscloud/business_rules_schema/genesyscloud_business_rules_schema_proxy.go:224.2,224.59 1 1
github.com/mypurecloud/terraform-provider-genesyscloud/genesyscloud/business_rules_schema/genesyscloud_business_rules_schema_proxy.go:224.59,226.3 1 1
github.com/mypurecloud/terraform-provider-genesyscloud/genesyscloud/business_rules_schema/genesyscloud_business_rules_schema_proxy.go:228.2,228.93 1 0
github.com/mypurecloud/terraform-provider-genesyscloud/genesyscloud/business_rules_schema/resource_genesyscloud_business_rules_schema.go:31.155,36.16 4 0
github.com/mypurecloud/terraform-provider-genesyscloud/genesyscloud/business_rules_schema/resource_genesyscloud_business_rules_schema.go:36.16,38.3 1 0
github.com/mypurecloud/terraform-provider-genesyscloud/genesyscloud/business_rules_schema/resource_genesyscloud_business_rules_schema.go:40.2,40.34 1 0
github.com/mypurecloud/terraform-provider-genesyscloud/genesyscloud/business_rules_schema/resource_genesyscloud_business_rules_schema.go:40.34,43.3 2 0
github.com/mypurecloud/terraform-provider-genesyscloud/genesyscloud/business_rules_schema/resource_genesyscloud_business_rules_schema.go:44.2,44.23 1 0
github.com/mypurecloud/terraform-provider-genesyscloud/genesyscloud/business_rules_schema/resource_genesyscloud_business_rules_schema.go:48.112,53.16 4 1
github.com/mypurecloud/terraform-provider-genesyscloud/genesyscloud/business_rules_schema/resource_genesyscloud_business_rules_schema.go:53.16,55.3 1 0
github.com/mypurecloud/terraform-provider-genesyscloud/genesyscloud/business_rules_schema/resource_genesyscloud_business_rules_schema.go:57.2,59.16 3 1
github.com/mypurecloud/terraform-provider-genesyscloud/genesyscloud/business_rules_schema/resource_genesyscloud_business_rules_schema.go:59.16,61.3 1 0
github.com/mypurecloud/terraform-provider-genesyscloud/genesyscloud/business_rules_schema/resource_genesyscloud_business_rules_schema.go:63.2,66.60 2 1
github.com/mypurecloud/terraform-provider-genesyscloud/genesyscloud/business_rules_schema/resource_genesyscloud_business_rules_schema.go:66.60,70.17 4 0
github.com/mypurecloud/terraform-provider-genesyscloud/genesyscloud/business_rules_schema/resource_genesyscloud_business_rules_schema.go:70.17,72.4 1 0
github.com/mypurecloud/terraform-provider-genesyscloud/genesyscloud/business_rules_schema/resource_genesyscloud_business_rules_schema.go:73.3,73.107 1 0
github.com/mypurecloud/terraform-provider-genesyscloud/genesyscloud/business_rules_schema/resource_genesyscloud_business_rules_schema.go:76.2,77.46 2 1
github.com/mypurecloud/terraform-provider-genesyscloud/genesyscloud/business_rules_schema/resource_genesyscloud_business_rules_schema.go:81.110,88.66 5 1
github.com/mypurecloud/terraform-provider-genesyscloud/genesyscloud/business_rules_schema/resource_genesyscloud_business_rules_schema.go:88.66,90.20 2 1
github.com/mypurecloud/terraform-provider-genesyscloud/genesyscloud/business_rules_schema/resource_genesyscloud_business_rules_schema.go:90.20,91.30 1 0
github.com/mypurecloud/terraform-provider-genesyscloud/genesyscloud/business_rules_schema/resource_genesyscloud_business_rules_schema.go:91.30,93.5 1 0
github.com/mypurecloud/terraform-provider-genesyscloud/genesyscloud/business_rules_schema/resource_genesyscloud_business_rules_schema.go:94.4,94.179 1 0
github.com/mypurecloud/terraform-provider-genesyscloud/genesyscloud/business_rules_schema/resource_genesyscloud_business_rules_schema.go:97.3,98.17 2 1
github.com/mypurecloud/terraform-provider-genesyscloud/genesyscloud/business_rules_schema/resource_genesyscloud_business_rules_schema.go:98.17,100.4 1 0
github.com/mypurecloud/terraform-provider-genesyscloud/genesyscloud/business_rules_schema/resource_genesyscloud_business_rules_schema.go:101.3,102.44 2 1
github.com/mypurecloud/terraform-provider-genesyscloud/genesyscloud/business_rules_schema/resource_genesyscloud_business_rules_schema.go:102.44,105.4 2 1
github.com/mypurecloud/terraform-provider-genesyscloud/genesyscloud/business_rules_schema/resource_genesyscloud_business_rules_schema.go:107.3,114.26 7 1
github.com/mypurecloud/terraform-provider-genesyscloud/genesyscloud/business_rules_schema/resource_genesyscloud_business_rules_schema.go:119.112,125.16 5 1
github.com/mypurecloud/terraform-provider-genesyscloud/genesyscloud/business_rules_schema/resource_genesyscloud_business_rules_schema.go:125.16,127.3 1 0
github.com/mypurecloud/terraform-provider-genesyscloud/genesyscloud/business_rules_schema/resource_genesyscloud_business_rules_schema.go:129.2,130.16 2 1
github.com/mypurecloud/terraform-provider-genesyscloud/genesyscloud/business_rules_schema/resource_genesyscloud_business_rules_schema.go:130.16,132.3 1 0
github.com/mypurecloud/terraform-provider-genesyscloud/genesyscloud/business_rules_schema/resource_genesyscloud_business_rules_schema.go:134.2,136.16 3 1
github.com/mypurecloud/terraform-provider-genesyscloud/genesyscloud/business_rules_schema/resource_genesyscloud_business_rules_schema.go:136.16,138.3 1 0
github.com/mypurecloud/terraform-provider-genesyscloud/genesyscloud/business_rules_schema/resource_genesyscloud_business_rules_schema.go:140.2,141.46 2 1
github.com/mypurecloud/terraform-provider-genesyscloud/genesyscloud/business_rules_schema/resource_genesyscloud_business_rules_schema.go:145.112,150.16 4 1
github.com/mypurecloud/terraform-provider-genesyscloud/genesyscloud/business_rules_schema/resource_genesyscloud_business_rules_schema.go:150.16,152.3 1 0
github.com/mypurecloud/terraform-provider-genesyscloud/genesyscloud/business_rules_schema/resource_genesyscloud_business_rules_schema.go:154.2,154.73 1 1
github.com/mypurecloud/terraform-provider-genesyscloud/genesyscloud/business_rules_schema/resource_genesyscloud_business_rules_schema.go:154.73,156.17 2 1
github.com/mypurecloud/terraform-provider-genesyscloud/genesyscloud/business_rules_schema/resource_genesyscloud_business_rules_schema.go:156.17,157.30 1 0
github.com/mypurecloud/terraform-provider-genesyscloud/genesyscloud/business_rules_schema/resource_genesyscloud_business_rules_schema.go:157.30,160.5 2 0
github.com/mypurecloud/terraform-provider-genesyscloud/genesyscloud/business_rules_schema/resource_genesyscloud_business_rules_schema.go:161.4,161.176 1 0
github.com/mypurecloud/terraform-provider-genesyscloud/genesyscloud/business_rules_schema/resource_genesyscloud_business_rules_schema.go:164.3,164.16 1 1
github.com/mypurecloud/terraform-provider-genesyscloud/genesyscloud/business_rules_schema/resource_genesyscloud_business_rules_schema.go:164.16,167.4 2 1
github.com/mypurecloud/terraform-provider-genesyscloud/genesyscloud/business_rules_schema/resource_genesyscloud_business_rules_schema.go:168.3,168.153 1 0
github.com/mypurecloud/terraform-provider-genesyscloud/genesyscloud/business_rules_schema/resource_genesyscloud_business_rules_schema_schema.go:25.52,29.2 3 0
github.com/mypurecloud/terraform-provider-genesyscloud/genesyscloud/business_rules_schema/resource_genesyscloud_business_rules_schema_schema.go:32.53,75.2 1 1
github.com/mypurecloud/terraform-provider-genesyscloud/genesyscloud/business_rules_schema/resource_genesyscloud_business_rules_schema_schema.go:78.71,84.2 1 0
github.com/mypurecloud/terraform-provider-genesyscloud/genesyscloud/business_rules_schema/resource_genesyscloud_business_rules_schema_schema.go:87.55,102.2 1 1
github.com/mypurecloud/terraform-provider-genesyscloud/genesyscloud/business_rules_schema/resource_genesyscloud_business_rules_schema_utils.go:30.110,44.31 2 1
github.com/mypurecloud/terraform-provider-genesyscloud/genesyscloud/business_rules_schema/resource_genesyscloud_business_rules_schema_utils.go:44.31,46.91 2 1
github.com/mypurecloud/terraform-provider-genesyscloud/genesyscloud/business_rules_schema/resource_genesyscloud_business_rules_schema_utils.go:46.91,48.4 1 0
github.com/mypurecloud/terraform-provider-genesyscloud/genesyscloud/business_rules_schema/resource_genesyscloud_business_rules_schema_utils.go:50.3,50.49 1 1
github.com/mypurecloud/terraform-provider-genesyscloud/genesyscloud/business_rules_schema/resource_genesyscloud_business_rules_schema_utils.go:53.2,53.24 1 1
github.com/mypurecloud/terraform-provider-genesyscloud/genesyscloud/business_rules_schema/resource_genesyscloud_business_rules_schema_utils.go:58.95,64.2 1 1
github.com/mypurecloud/terraform-provider-genesyscloud/genesyscloud/business_rules_schema/resource_genesyscloud_business_rules_schema_utils.go:66.114,74.2 1 1
