mode: set
terraform-provider-genesyscloud/genesyscloud/architect_grammar_language/genesyscloud_architect_grammar_language_proxy.go:46.116,57.2 2 0
terraform-provider-genesyscloud/genesyscloud/architect_grammar_language/genesyscloud_architect_grammar_language_proxy.go:61.116,62.26 1 0
terraform-provider-genesyscloud/genesyscloud/architect_grammar_language/genesyscloud_architect_grammar_language_proxy.go:62.26,64.3 1 0
terraform-provider-genesyscloud/genesyscloud/architect_grammar_language/genesyscloud_architect_grammar_language_proxy.go:66.2,66.22 1 0
terraform-provider-genesyscloud/genesyscloud/architect_grammar_language/genesyscloud_architect_grammar_language_proxy.go:70.180,72.2 1 0
terraform-provider-genesyscloud/genesyscloud/architect_grammar_language/genesyscloud_architect_grammar_language_proxy.go:75.205,77.2 1 0
terraform-provider-genesyscloud/genesyscloud/architect_grammar_language/genesyscloud_architect_grammar_language_proxy.go:80.219,82.2 1 0
terraform-provider-genesyscloud/genesyscloud/architect_grammar_language/genesyscloud_architect_grammar_language_proxy.go:85.160,87.2 1 0
terraform-provider-genesyscloud/genesyscloud/architect_grammar_language/genesyscloud_architect_grammar_language_proxy.go:90.138,92.2 1 0
terraform-provider-genesyscloud/genesyscloud/architect_grammar_language/genesyscloud_architect_grammar_language_proxy.go:95.181,97.16 2 0
terraform-provider-genesyscloud/genesyscloud/architect_grammar_language/genesyscloud_architect_grammar_language_proxy.go:97.16,99.3 1 0
terraform-provider-genesyscloud/genesyscloud/architect_grammar_language/genesyscloud_architect_grammar_language_proxy.go:102.2,102.85 1 0
terraform-provider-genesyscloud/genesyscloud/architect_grammar_language/genesyscloud_architect_grammar_language_proxy.go:102.85,107.17 3 0
terraform-provider-genesyscloud/genesyscloud/architect_grammar_language/genesyscloud_architect_grammar_language_proxy.go:107.17,109.4 1 0
terraform-provider-genesyscloud/genesyscloud/architect_grammar_language/genesyscloud_architect_grammar_language_proxy.go:113.2,113.83 1 0
terraform-provider-genesyscloud/genesyscloud/architect_grammar_language/genesyscloud_architect_grammar_language_proxy.go:113.83,118.17 3 0
terraform-provider-genesyscloud/genesyscloud/architect_grammar_language/genesyscloud_architect_grammar_language_proxy.go:118.17,120.4 1 0
terraform-provider-genesyscloud/genesyscloud/architect_grammar_language/genesyscloud_architect_grammar_language_proxy.go:123.2,123.25 1 0
terraform-provider-genesyscloud/genesyscloud/architect_grammar_language/genesyscloud_architect_grammar_language_proxy.go:127.206,129.16 2 0
terraform-provider-genesyscloud/genesyscloud/architect_grammar_language/genesyscloud_architect_grammar_language_proxy.go:129.16,131.3 1 0
terraform-provider-genesyscloud/genesyscloud/architect_grammar_language/genesyscloud_architect_grammar_language_proxy.go:132.2,132.39 1 0
terraform-provider-genesyscloud/genesyscloud/architect_grammar_language/genesyscloud_architect_grammar_language_proxy.go:136.220,143.16 3 0
terraform-provider-genesyscloud/genesyscloud/architect_grammar_language/genesyscloud_architect_grammar_language_proxy.go:143.16,145.3 1 0
terraform-provider-genesyscloud/genesyscloud/architect_grammar_language/genesyscloud_architect_grammar_language_proxy.go:148.2,148.85 1 0
terraform-provider-genesyscloud/genesyscloud/architect_grammar_language/genesyscloud_architect_grammar_language_proxy.go:148.85,153.17 3 0
terraform-provider-genesyscloud/genesyscloud/architect_grammar_language/genesyscloud_architect_grammar_language_proxy.go:153.17,155.4 1 0
terraform-provider-genesyscloud/genesyscloud/architect_grammar_language/genesyscloud_architect_grammar_language_proxy.go:159.2,159.83 1 0
terraform-provider-genesyscloud/genesyscloud/architect_grammar_language/genesyscloud_architect_grammar_language_proxy.go:159.83,164.17 3 0
terraform-provider-genesyscloud/genesyscloud/architect_grammar_language/genesyscloud_architect_grammar_language_proxy.go:164.17,166.4 1 0
terraform-provider-genesyscloud/genesyscloud/architect_grammar_language/genesyscloud_architect_grammar_language_proxy.go:169.2,169.25 1 0
terraform-provider-genesyscloud/genesyscloud/architect_grammar_language/genesyscloud_architect_grammar_language_proxy.go:173.161,175.16 2 0
terraform-provider-genesyscloud/genesyscloud/architect_grammar_language/genesyscloud_architect_grammar_language_proxy.go:175.16,177.3 1 0
terraform-provider-genesyscloud/genesyscloud/architect_grammar_language/genesyscloud_architect_grammar_language_proxy.go:179.2,179.29 1 0
terraform-provider-genesyscloud/genesyscloud/architect_grammar_language/genesyscloud_architect_grammar_language_proxy.go:183.203,186.23 3 0
terraform-provider-genesyscloud/genesyscloud/architect_grammar_language/genesyscloud_architect_grammar_language_proxy.go:186.23,188.3 1 0
terraform-provider-genesyscloud/genesyscloud/architect_grammar_language/genesyscloud_architect_grammar_language_proxy.go:189.2,189.22 1 0
terraform-provider-genesyscloud/genesyscloud/architect_grammar_language/genesyscloud_architect_grammar_language_proxy.go:189.22,191.3 1 0
terraform-provider-genesyscloud/genesyscloud/architect_grammar_language/genesyscloud_architect_grammar_language_proxy.go:192.2,192.16 1 0
terraform-provider-genesyscloud/genesyscloud/architect_grammar_language/genesyscloud_architect_grammar_language_proxy.go:192.16,194.3 1 0
terraform-provider-genesyscloud/genesyscloud/architect_grammar_language/genesyscloud_architect_grammar_language_proxy.go:196.2,199.46 4 0
terraform-provider-genesyscloud/genesyscloud/architect_grammar_language/genesyscloud_architect_grammar_language_proxy.go:199.46,201.17 2 0
terraform-provider-genesyscloud/genesyscloud/architect_grammar_language/genesyscloud_architect_grammar_language_proxy.go:201.17,204.4 2 0
terraform-provider-genesyscloud/genesyscloud/architect_grammar_language/genesyscloud_architect_grammar_language_proxy.go:206.3,207.17 2 0
terraform-provider-genesyscloud/genesyscloud/architect_grammar_language/genesyscloud_architect_grammar_language_proxy.go:207.17,210.4 2 0
terraform-provider-genesyscloud/genesyscloud/architect_grammar_language/genesyscloud_architect_grammar_language_proxy.go:212.3,212.51 1 0
terraform-provider-genesyscloud/genesyscloud/architect_grammar_language/genesyscloud_architect_grammar_language_proxy.go:212.51,214.4 1 0
terraform-provider-genesyscloud/genesyscloud/architect_grammar_language/genesyscloud_architect_grammar_language_proxy.go:216.3,218.17 3 0
terraform-provider-genesyscloud/genesyscloud/architect_grammar_language/genesyscloud_architect_grammar_language_proxy.go:218.17,222.4 3 0
terraform-provider-genesyscloud/genesyscloud/architect_grammar_language/genesyscloud_architect_grammar_language_proxy.go:224.3,224.55 1 0
terraform-provider-genesyscloud/genesyscloud/architect_grammar_language/genesyscloud_architect_grammar_language_proxy.go:224.55,227.29 3 0
terraform-provider-genesyscloud/genesyscloud/architect_grammar_language/genesyscloud_architect_grammar_language_proxy.go:227.29,229.5 1 0
terraform-provider-genesyscloud/genesyscloud/architect_grammar_language/genesyscloud_architect_grammar_language_proxy.go:231.3,231.103 1 0
terraform-provider-genesyscloud/genesyscloud/architect_grammar_language/genesyscloud_architect_grammar_language_proxy.go:231.103,235.4 3 0
terraform-provider-genesyscloud/genesyscloud/architect_grammar_language/genesyscloud_architect_grammar_language_proxy.go:237.3,237.43 1 0
terraform-provider-genesyscloud/genesyscloud/architect_grammar_language/genesyscloud_architect_grammar_language_proxy.go:237.43,238.9 1 0
terraform-provider-genesyscloud/genesyscloud/architect_grammar_language/genesyscloud_architect_grammar_language_proxy.go:242.2,244.12 3 0
terraform-provider-genesyscloud/genesyscloud/architect_grammar_language/genesyscloud_architect_grammar_language_proxy.go:248.139,252.16 3 0
terraform-provider-genesyscloud/genesyscloud/architect_grammar_language/genesyscloud_architect_grammar_language_proxy.go:252.16,254.3 1 0
terraform-provider-genesyscloud/genesyscloud/architect_grammar_language/genesyscloud_architect_grammar_language_proxy.go:255.2,255.62 1 0
terraform-provider-genesyscloud/genesyscloud/architect_grammar_language/genesyscloud_architect_grammar_language_proxy.go:255.62,257.3 1 0
terraform-provider-genesyscloud/genesyscloud/architect_grammar_language/genesyscloud_architect_grammar_language_proxy.go:259.2,259.45 1 0
terraform-provider-genesyscloud/genesyscloud/architect_grammar_language/genesyscloud_architect_grammar_language_proxy.go:259.45,260.31 1 0
terraform-provider-genesyscloud/genesyscloud/architect_grammar_language/genesyscloud_architect_grammar_language_proxy.go:260.31,261.48 1 0
terraform-provider-genesyscloud/genesyscloud/architect_grammar_language/genesyscloud_architect_grammar_language_proxy.go:261.48,263.5 1 0
terraform-provider-genesyscloud/genesyscloud/architect_grammar_language/genesyscloud_architect_grammar_language_proxy.go:267.2,267.62 1 0
terraform-provider-genesyscloud/genesyscloud/architect_grammar_language/genesyscloud_architect_grammar_language_proxy.go:267.62,271.17 3 0
terraform-provider-genesyscloud/genesyscloud/architect_grammar_language/genesyscloud_architect_grammar_language_proxy.go:271.17,273.4 1 0
terraform-provider-genesyscloud/genesyscloud/architect_grammar_language/genesyscloud_architect_grammar_language_proxy.go:275.3,275.63 1 0
terraform-provider-genesyscloud/genesyscloud/architect_grammar_language/genesyscloud_architect_grammar_language_proxy.go:275.63,276.9 1 0
terraform-provider-genesyscloud/genesyscloud/architect_grammar_language/genesyscloud_architect_grammar_language_proxy.go:279.3,279.46 1 0
terraform-provider-genesyscloud/genesyscloud/architect_grammar_language/genesyscloud_architect_grammar_language_proxy.go:279.46,280.32 1 0
terraform-provider-genesyscloud/genesyscloud/architect_grammar_language/genesyscloud_architect_grammar_language_proxy.go:280.32,281.49 1 0
terraform-provider-genesyscloud/genesyscloud/architect_grammar_language/genesyscloud_architect_grammar_language_proxy.go:281.49,283.6 1 0
terraform-provider-genesyscloud/genesyscloud/architect_grammar_language/genesyscloud_architect_grammar_language_proxy.go:288.2,288.27 1 0
terraform-provider-genesyscloud/genesyscloud/architect_grammar_language/resource_genesyscloud_architect_grammar_language.go:24.163,29.16 4 0
terraform-provider-genesyscloud/genesyscloud/architect_grammar_language/resource_genesyscloud_architect_grammar_language.go:29.16,31.3 1 0
terraform-provider-genesyscloud/genesyscloud/architect_grammar_language/resource_genesyscloud_architect_grammar_language.go:33.2,33.38 1 0
terraform-provider-genesyscloud/genesyscloud/architect_grammar_language/resource_genesyscloud_architect_grammar_language.go:33.38,36.3 2 0
terraform-provider-genesyscloud/genesyscloud/architect_grammar_language/resource_genesyscloud_architect_grammar_language.go:38.2,38.23 1 0
terraform-provider-genesyscloud/genesyscloud/architect_grammar_language/resource_genesyscloud_architect_grammar_language.go:42.117,50.16 6 0
terraform-provider-genesyscloud/genesyscloud/architect_grammar_language/resource_genesyscloud_architect_grammar_language.go:50.16,52.3 1 0
terraform-provider-genesyscloud/genesyscloud/architect_grammar_language/resource_genesyscloud_architect_grammar_language.go:55.2,57.51 3 0
terraform-provider-genesyscloud/genesyscloud/architect_grammar_language/resource_genesyscloud_architect_grammar_language.go:61.115,67.68 4 0
terraform-provider-genesyscloud/genesyscloud/architect_grammar_language/resource_genesyscloud_architect_grammar_language.go:67.68,71.20 3 0
terraform-provider-genesyscloud/genesyscloud/architect_grammar_language/resource_genesyscloud_architect_grammar_language.go:71.20,72.41 1 0
terraform-provider-genesyscloud/genesyscloud/architect_grammar_language/resource_genesyscloud_architect_grammar_language.go:72.41,74.5 1 0
terraform-provider-genesyscloud/genesyscloud/architect_grammar_language/resource_genesyscloud_architect_grammar_language.go:75.4,75.114 1 0
terraform-provider-genesyscloud/genesyscloud/architect_grammar_language/resource_genesyscloud_architect_grammar_language.go:78.3,82.40 4 0
terraform-provider-genesyscloud/genesyscloud/architect_grammar_language/resource_genesyscloud_architect_grammar_language.go:82.40,84.4 1 0
terraform-provider-genesyscloud/genesyscloud/architect_grammar_language/resource_genesyscloud_architect_grammar_language.go:85.3,85.39 1 0
terraform-provider-genesyscloud/genesyscloud/architect_grammar_language/resource_genesyscloud_architect_grammar_language.go:85.39,87.4 1 0
terraform-provider-genesyscloud/genesyscloud/architect_grammar_language/resource_genesyscloud_architect_grammar_language.go:89.3,90.25 2 0
terraform-provider-genesyscloud/genesyscloud/architect_grammar_language/resource_genesyscloud_architect_grammar_language.go:94.58,96.21 2 0
terraform-provider-genesyscloud/genesyscloud/architect_grammar_language/resource_genesyscloud_architect_grammar_language.go:96.21,98.3 1 0
terraform-provider-genesyscloud/genesyscloud/architect_grammar_language/resource_genesyscloud_architect_grammar_language.go:99.2,99.15 1 0
terraform-provider-genesyscloud/genesyscloud/architect_grammar_language/resource_genesyscloud_architect_grammar_language.go:103.117,111.16 6 0
terraform-provider-genesyscloud/genesyscloud/architect_grammar_language/resource_genesyscloud_architect_grammar_language.go:111.16,113.3 1 0
terraform-provider-genesyscloud/genesyscloud/architect_grammar_language/resource_genesyscloud_architect_grammar_language.go:115.2,116.51 2 0
terraform-provider-genesyscloud/genesyscloud/architect_grammar_language/resource_genesyscloud_architect_grammar_language.go:120.117,126.16 5 0
terraform-provider-genesyscloud/genesyscloud/architect_grammar_language/resource_genesyscloud_architect_grammar_language.go:126.16,128.3 1 0
terraform-provider-genesyscloud/genesyscloud/architect_grammar_language/resource_genesyscloud_architect_grammar_language.go:130.2,130.75 1 0
terraform-provider-genesyscloud/genesyscloud/architect_grammar_language/resource_genesyscloud_architect_grammar_language.go:130.75,133.17 2 0
terraform-provider-genesyscloud/genesyscloud/architect_grammar_language/resource_genesyscloud_architect_grammar_language.go:133.17,134.41 1 0
terraform-provider-genesyscloud/genesyscloud/architect_grammar_language/resource_genesyscloud_architect_grammar_language.go:134.41,137.5 2 0
terraform-provider-genesyscloud/genesyscloud/architect_grammar_language/resource_genesyscloud_architect_grammar_language.go:139.4,139.101 1 0
terraform-provider-genesyscloud/genesyscloud/architect_grammar_language/resource_genesyscloud_architect_grammar_language.go:142.3,142.86 1 0
terraform-provider-genesyscloud/genesyscloud/architect_grammar_language/resource_genesyscloud_architect_grammar_language_schema.go:23.52,26.2 2 0
terraform-provider-genesyscloud/genesyscloud/architect_grammar_language/resource_genesyscloud_architect_grammar_language_schema.go:29.58,92.2 2 1
terraform-provider-genesyscloud/genesyscloud/architect_grammar_language/resource_genesyscloud_architect_grammar_language_schema.go:95.76,103.2 1 0
terraform-provider-genesyscloud/genesyscloud/architect_grammar_language/resource_genesyscloud_architect_grammar_language_utils.go:24.107,31.2 1 0
terraform-provider-genesyscloud/genesyscloud/architect_grammar_language/resource_genesyscloud_architect_grammar_language_utils.go:33.113,34.51 1 0
terraform-provider-genesyscloud/genesyscloud/architect_grammar_language/resource_genesyscloud_architect_grammar_language_utils.go:34.51,36.3 1 0
terraform-provider-genesyscloud/genesyscloud/architect_grammar_language/resource_genesyscloud_architect_grammar_language_utils.go:38.2,40.9 3 0
terraform-provider-genesyscloud/genesyscloud/architect_grammar_language/resource_genesyscloud_architect_grammar_language_utils.go:40.9,42.3 1 0
terraform-provider-genesyscloud/genesyscloud/architect_grammar_language/resource_genesyscloud_architect_grammar_language_utils.go:44.2,51.16 6 0
terraform-provider-genesyscloud/genesyscloud/architect_grammar_language/resource_genesyscloud_architect_grammar_language_utils.go:51.16,53.3 1 0
terraform-provider-genesyscloud/genesyscloud/architect_grammar_language/resource_genesyscloud_architect_grammar_language_utils.go:53.8,55.3 1 0
terraform-provider-genesyscloud/genesyscloud/architect_grammar_language/resource_genesyscloud_architect_grammar_language_utils.go:57.2,57.21 1 0
terraform-provider-genesyscloud/genesyscloud/architect_grammar_language/resource_genesyscloud_architect_grammar_language_utils.go:60.158,61.25 1 0
terraform-provider-genesyscloud/genesyscloud/architect_grammar_language/resource_genesyscloud_architect_grammar_language_utils.go:61.25,63.3 1 0
terraform-provider-genesyscloud/genesyscloud/architect_grammar_language/resource_genesyscloud_architect_grammar_language_utils.go:65.2,70.23 4 0
terraform-provider-genesyscloud/genesyscloud/architect_grammar_language/resource_genesyscloud_architect_grammar_language_utils.go:70.23,71.80 1 0
terraform-provider-genesyscloud/genesyscloud/architect_grammar_language/resource_genesyscloud_architect_grammar_language_utils.go:71.80,73.66 2 0
terraform-provider-genesyscloud/genesyscloud/architect_grammar_language/resource_genesyscloud_architect_grammar_language_utils.go:73.66,75.5 1 0
terraform-provider-genesyscloud/genesyscloud/architect_grammar_language/resource_genesyscloud_architect_grammar_language_utils.go:78.2,78.22 1 0
terraform-provider-genesyscloud/genesyscloud/architect_grammar_language/resource_genesyscloud_architect_grammar_language_utils.go:78.22,79.77 1 0
terraform-provider-genesyscloud/genesyscloud/architect_grammar_language/resource_genesyscloud_architect_grammar_language_utils.go:79.77,81.65 2 0
terraform-provider-genesyscloud/genesyscloud/architect_grammar_language/resource_genesyscloud_architect_grammar_language_utils.go:81.65,83.5 1 0
terraform-provider-genesyscloud/genesyscloud/architect_grammar_language/resource_genesyscloud_architect_grammar_language_utils.go:87.2,87.35 1 0
terraform-provider-genesyscloud/genesyscloud/architect_grammar_language/resource_genesyscloud_architect_grammar_language_utils.go:90.147,95.59 4 0
terraform-provider-genesyscloud/genesyscloud/architect_grammar_language/resource_genesyscloud_architect_grammar_language_utils.go:95.59,97.3 1 0
terraform-provider-genesyscloud/genesyscloud/architect_grammar_language/resource_genesyscloud_architect_grammar_language_utils.go:99.2,102.16 4 0
terraform-provider-genesyscloud/genesyscloud/architect_grammar_language/resource_genesyscloud_architect_grammar_language_utils.go:102.16,104.3 1 0
terraform-provider-genesyscloud/genesyscloud/architect_grammar_language/resource_genesyscloud_architect_grammar_language_utils.go:106.2,106.71 1 0
terraform-provider-genesyscloud/genesyscloud/architect_grammar_language/resource_genesyscloud_architect_grammar_language_utils.go:106.71,107.49 1 0
terraform-provider-genesyscloud/genesyscloud/architect_grammar_language/resource_genesyscloud_architect_grammar_language_utils.go:107.49,109.4 1 0
terraform-provider-genesyscloud/genesyscloud/architect_grammar_language/resource_genesyscloud_architect_grammar_language_utils.go:109.9,111.4 1 0
terraform-provider-genesyscloud/genesyscloud/architect_grammar_language/resource_genesyscloud_architect_grammar_language_utils.go:114.2,114.69 1 0
terraform-provider-genesyscloud/genesyscloud/architect_grammar_language/resource_genesyscloud_architect_grammar_language_utils.go:114.69,115.48 1 0
terraform-provider-genesyscloud/genesyscloud/architect_grammar_language/resource_genesyscloud_architect_grammar_language_utils.go:115.48,117.4 1 0
terraform-provider-genesyscloud/genesyscloud/architect_grammar_language/resource_genesyscloud_architect_grammar_language_utils.go:117.9,119.4 1 0
terraform-provider-genesyscloud/genesyscloud/architect_grammar_language/resource_genesyscloud_architect_grammar_language_utils.go:122.2,123.12 2 0
terraform-provider-genesyscloud/genesyscloud/architect_grammar_language/resource_genesyscloud_architect_grammar_language_utils.go:126.118,128.23 2 0
terraform-provider-genesyscloud/genesyscloud/architect_grammar_language/resource_genesyscloud_architect_grammar_language_utils.go:128.23,130.3 1 0
terraform-provider-genesyscloud/genesyscloud/architect_grammar_language/resource_genesyscloud_architect_grammar_language_utils.go:131.2,132.82 2 0
terraform-provider-genesyscloud/genesyscloud/architect_grammar_language/resource_genesyscloud_architect_grammar_language_utils.go:132.82,134.3 1 0
terraform-provider-genesyscloud/genesyscloud/architect_grammar_language/resource_genesyscloud_architect_grammar_language_utils.go:135.2,135.12 1 0
terraform-provider-genesyscloud/genesyscloud/architect_grammar_language/resource_genesyscloud_architect_grammar_language_utils.go:138.149,139.75 1 0
terraform-provider-genesyscloud/genesyscloud/architect_grammar_language/resource_genesyscloud_architect_grammar_language_utils.go:139.75,141.3 1 0
terraform-provider-genesyscloud/genesyscloud/architect_grammar_language/resource_genesyscloud_architect_grammar_language_utils.go:142.2,142.73 1 0
terraform-provider-genesyscloud/genesyscloud/architect_grammar_language/resource_genesyscloud_architect_grammar_language_utils.go:142.73,144.3 1 0
terraform-provider-genesyscloud/genesyscloud/architect_grammar_language/resource_genesyscloud_architect_grammar_language_utils.go:147.148,149.65 1 0
terraform-provider-genesyscloud/genesyscloud/architect_grammar_language/resource_genesyscloud_architect_grammar_language_utils.go:149.65,151.70 2 0
terraform-provider-genesyscloud/genesyscloud/architect_grammar_language/resource_genesyscloud_architect_grammar_language_utils.go:151.70,153.4 1 0
terraform-provider-genesyscloud/genesyscloud/architect_grammar_language/resource_genesyscloud_architect_grammar_language_utils.go:154.3,154.68 1 0
terraform-provider-genesyscloud/genesyscloud/architect_grammar_language/resource_genesyscloud_architect_grammar_language_utils.go:154.68,156.4 1 0
terraform-provider-genesyscloud/genesyscloud/architect_grammar_language/resource_genesyscloud_architect_grammar_language_utils.go:158.3,161.35 4 0
terraform-provider-genesyscloud/genesyscloud/architect_grammar_language/resource_genesyscloud_architect_grammar_language_utils.go:161.35,163.4 1 0
terraform-provider-genesyscloud/genesyscloud/architect_grammar/data_source_genesyscloud_architect_grammar.go:20.117,26.74 4 0
terraform-provider-genesyscloud/genesyscloud/architect_grammar/data_source_genesyscloud_architect_grammar.go:26.74,29.31 2 0
terraform-provider-genesyscloud/genesyscloud/architect_grammar/data_source_genesyscloud_architect_grammar.go:29.31,31.4 1 0
terraform-provider-genesyscloud/genesyscloud/architect_grammar/data_source_genesyscloud_architect_grammar.go:33.3,33.16 1 0
terraform-provider-genesyscloud/genesyscloud/architect_grammar/data_source_genesyscloud_architect_grammar.go:33.16,35.4 1 0
terraform-provider-genesyscloud/genesyscloud/architect_grammar/data_source_genesyscloud_architect_grammar.go:37.3,38.13 2 0
terraform-provider-genesyscloud/genesyscloud/architect_grammar/genesyscloud_architect_grammar_proxy.go:40.100,52.2 2 1
terraform-provider-genesyscloud/genesyscloud/architect_grammar/genesyscloud_architect_grammar_proxy.go:56.100,57.26 1 0
terraform-provider-genesyscloud/genesyscloud/architect_grammar/genesyscloud_architect_grammar_proxy.go:57.26,59.3 1 0
terraform-provider-genesyscloud/genesyscloud/architect_grammar/genesyscloud_architect_grammar_proxy.go:61.2,61.22 1 0
terraform-provider-genesyscloud/genesyscloud/architect_grammar/genesyscloud_architect_grammar_proxy.go:65.147,67.2 1 1
terraform-provider-genesyscloud/genesyscloud/architect_grammar/genesyscloud_architect_grammar_proxy.go:70.114,72.2 1 0
terraform-provider-genesyscloud/genesyscloud/architect_grammar/genesyscloud_architect_grammar_proxy.go:75.159,77.2 1 0
terraform-provider-genesyscloud/genesyscloud/architect_grammar/genesyscloud_architect_grammar_proxy.go:80.141,82.2 1 0
terraform-provider-genesyscloud/genesyscloud/architect_grammar/genesyscloud_architect_grammar_proxy.go:85.165,87.2 1 0
terraform-provider-genesyscloud/genesyscloud/architect_grammar/genesyscloud_architect_grammar_proxy.go:90.123,92.2 1 0
terraform-provider-genesyscloud/genesyscloud/architect_grammar/genesyscloud_architect_grammar_proxy.go:95.148,97.16 2 1
terraform-provider-genesyscloud/genesyscloud/architect_grammar/genesyscloud_architect_grammar_proxy.go:97.16,99.3 1 1
terraform-provider-genesyscloud/genesyscloud/architect_grammar/genesyscloud_architect_grammar_proxy.go:101.2,101.24 1 0
terraform-provider-genesyscloud/genesyscloud/architect_grammar/genesyscloud_architect_grammar_proxy.go:105.115,109.16 3 0
terraform-provider-genesyscloud/genesyscloud/architect_grammar/genesyscloud_architect_grammar_proxy.go:109.16,111.3 1 0
terraform-provider-genesyscloud/genesyscloud/architect_grammar/genesyscloud_architect_grammar_proxy.go:112.2,112.62 1 0
terraform-provider-genesyscloud/genesyscloud/architect_grammar/genesyscloud_architect_grammar_proxy.go:112.62,114.3 1 0
terraform-provider-genesyscloud/genesyscloud/architect_grammar/genesyscloud_architect_grammar_proxy.go:115.2,115.45 1 0
terraform-provider-genesyscloud/genesyscloud/architect_grammar/genesyscloud_architect_grammar_proxy.go:115.45,117.3 1 0
terraform-provider-genesyscloud/genesyscloud/architect_grammar/genesyscloud_architect_grammar_proxy.go:119.2,119.62 1 0
terraform-provider-genesyscloud/genesyscloud/architect_grammar/genesyscloud_architect_grammar_proxy.go:119.62,123.17 3 0
terraform-provider-genesyscloud/genesyscloud/architect_grammar/genesyscloud_architect_grammar_proxy.go:123.17,125.4 1 0
terraform-provider-genesyscloud/genesyscloud/architect_grammar/genesyscloud_architect_grammar_proxy.go:127.3,127.63 1 0
terraform-provider-genesyscloud/genesyscloud/architect_grammar/genesyscloud_architect_grammar_proxy.go:127.63,128.9 1 0
terraform-provider-genesyscloud/genesyscloud/architect_grammar/genesyscloud_architect_grammar_proxy.go:131.3,131.46 1 0
terraform-provider-genesyscloud/genesyscloud/architect_grammar/genesyscloud_architect_grammar_proxy.go:131.46,133.4 1 0
terraform-provider-genesyscloud/genesyscloud/architect_grammar/genesyscloud_architect_grammar_proxy.go:136.2,136.26 1 0
terraform-provider-genesyscloud/genesyscloud/architect_grammar/genesyscloud_architect_grammar_proxy.go:140.160,142.16 2 0
terraform-provider-genesyscloud/genesyscloud/architect_grammar/genesyscloud_architect_grammar_proxy.go:142.16,144.3 1 0
terraform-provider-genesyscloud/genesyscloud/architect_grammar/genesyscloud_architect_grammar_proxy.go:145.2,145.38 1 0
terraform-provider-genesyscloud/genesyscloud/architect_grammar/genesyscloud_architect_grammar_proxy.go:149.142,151.16 2 0
terraform-provider-genesyscloud/genesyscloud/architect_grammar/genesyscloud_architect_grammar_proxy.go:151.16,153.3 1 0
terraform-provider-genesyscloud/genesyscloud/architect_grammar/genesyscloud_architect_grammar_proxy.go:154.2,154.44 1 0
terraform-provider-genesyscloud/genesyscloud/architect_grammar/genesyscloud_architect_grammar_proxy.go:154.44,156.3 1 0
terraform-provider-genesyscloud/genesyscloud/architect_grammar/genesyscloud_architect_grammar_proxy.go:158.2,159.39 2 0
terraform-provider-genesyscloud/genesyscloud/architect_grammar/genesyscloud_architect_grammar_proxy.go:159.39,160.31 1 0
terraform-provider-genesyscloud/genesyscloud/architect_grammar/genesyscloud_architect_grammar_proxy.go:160.31,164.4 3 0
terraform-provider-genesyscloud/genesyscloud/architect_grammar/genesyscloud_architect_grammar_proxy.go:167.2,167.75 1 0
terraform-provider-genesyscloud/genesyscloud/architect_grammar/genesyscloud_architect_grammar_proxy.go:171.166,173.16 2 0
terraform-provider-genesyscloud/genesyscloud/architect_grammar/genesyscloud_architect_grammar_proxy.go:173.16,175.3 1 0
terraform-provider-genesyscloud/genesyscloud/architect_grammar/genesyscloud_architect_grammar_proxy.go:177.2,177.24 1 0
terraform-provider-genesyscloud/genesyscloud/architect_grammar/genesyscloud_architect_grammar_proxy.go:181.124,183.16 2 0
terraform-provider-genesyscloud/genesyscloud/architect_grammar/genesyscloud_architect_grammar_proxy.go:183.16,185.3 1 0
terraform-provider-genesyscloud/genesyscloud/architect_grammar/genesyscloud_architect_grammar_proxy.go:187.2,187.29 1 0
terraform-provider-genesyscloud/genesyscloud/architect_grammar/resource_genesyscloud_architect_grammar.go:23.155,28.16 4 0
terraform-provider-genesyscloud/genesyscloud/architect_grammar/resource_genesyscloud_architect_grammar.go:28.16,30.3 1 0
terraform-provider-genesyscloud/genesyscloud/architect_grammar/resource_genesyscloud_architect_grammar.go:32.2,32.36 1 0
terraform-provider-genesyscloud/genesyscloud/architect_grammar/resource_genesyscloud_architect_grammar.go:32.36,34.3 1 0
terraform-provider-genesyscloud/genesyscloud/architect_grammar/resource_genesyscloud_architect_grammar.go:36.2,36.23 1 0
terraform-provider-genesyscloud/genesyscloud/architect_grammar/resource_genesyscloud_architect_grammar.go:40.109,52.16 6 1
terraform-provider-genesyscloud/genesyscloud/architect_grammar/resource_genesyscloud_architect_grammar.go:52.16,54.3 1 1
terraform-provider-genesyscloud/genesyscloud/architect_grammar/resource_genesyscloud_architect_grammar.go:56.2,58.43 3 0
terraform-provider-genesyscloud/genesyscloud/architect_grammar/resource_genesyscloud_architect_grammar.go:62.107,68.68 4 0
terraform-provider-genesyscloud/genesyscloud/architect_grammar/resource_genesyscloud_architect_grammar.go:68.68,71.20 2 0
terraform-provider-genesyscloud/genesyscloud/architect_grammar/resource_genesyscloud_architect_grammar.go:71.20,72.41 1 0
terraform-provider-genesyscloud/genesyscloud/architect_grammar/resource_genesyscloud_architect_grammar.go:72.41,74.5 1 0
terraform-provider-genesyscloud/genesyscloud/architect_grammar/resource_genesyscloud_architect_grammar.go:75.4,75.105 1 0
terraform-provider-genesyscloud/genesyscloud/architect_grammar/resource_genesyscloud_architect_grammar.go:78.3,84.25 5 0
terraform-provider-genesyscloud/genesyscloud/architect_grammar/resource_genesyscloud_architect_grammar.go:89.109,101.16 6 0
terraform-provider-genesyscloud/genesyscloud/architect_grammar/resource_genesyscloud_architect_grammar.go:101.16,103.3 1 0
terraform-provider-genesyscloud/genesyscloud/architect_grammar/resource_genesyscloud_architect_grammar.go:105.2,106.43 2 0
terraform-provider-genesyscloud/genesyscloud/architect_grammar/resource_genesyscloud_architect_grammar.go:110.109,115.16 4 0
terraform-provider-genesyscloud/genesyscloud/architect_grammar/resource_genesyscloud_architect_grammar.go:115.16,117.3 1 0
terraform-provider-genesyscloud/genesyscloud/architect_grammar/resource_genesyscloud_architect_grammar.go:119.2,119.75 1 0
terraform-provider-genesyscloud/genesyscloud/architect_grammar/resource_genesyscloud_architect_grammar.go:119.75,122.17 2 0
terraform-provider-genesyscloud/genesyscloud/architect_grammar/resource_genesyscloud_architect_grammar.go:122.17,123.41 1 0
terraform-provider-genesyscloud/genesyscloud/architect_grammar/resource_genesyscloud_architect_grammar.go:123.41,126.5 2 0
terraform-provider-genesyscloud/genesyscloud/architect_grammar/resource_genesyscloud_architect_grammar.go:128.4,128.92 1 0
terraform-provider-genesyscloud/genesyscloud/architect_grammar/resource_genesyscloud_architect_grammar.go:131.3,131.77 1 0
terraform-provider-genesyscloud/genesyscloud/architect_grammar/resource_genesyscloud_architect_grammar.go:139.10,146.2 1 1
terraform-provider-genesyscloud/genesyscloud/architect_grammar/resource_genesyscloud_architect_grammar_schema.go:21.52,25.2 3 0
terraform-provider-genesyscloud/genesyscloud/architect_grammar/resource_genesyscloud_architect_grammar_schema.go:28.50,53.2 1 1
terraform-provider-genesyscloud/genesyscloud/architect_grammar/resource_genesyscloud_architect_grammar_schema.go:56.68,60.2 1 0
terraform-provider-genesyscloud/genesyscloud/architect_grammar/resource_genesyscloud_architect_grammar_schema.go:63.52,78.2 1 1
terraform-provider-genesyscloud/genesyscloud/flow_outcome/data_source_genesyscloud_flow_outcome.go:21.112,27.74 4 0
terraform-provider-genesyscloud/genesyscloud/flow_outcome/data_source_genesyscloud_flow_outcome.go:27.74,30.31 2 0
terraform-provider-genesyscloud/genesyscloud/flow_outcome/data_source_genesyscloud_flow_outcome.go:30.31,32.4 1 0
terraform-provider-genesyscloud/genesyscloud/flow_outcome/data_source_genesyscloud_flow_outcome.go:34.3,34.16 1 0
terraform-provider-genesyscloud/genesyscloud/flow_outcome/data_source_genesyscloud_flow_outcome.go:34.16,36.4 1 0
terraform-provider-genesyscloud/genesyscloud/flow_outcome/data_source_genesyscloud_flow_outcome.go:38.3,39.13 2 0
terraform-provider-genesyscloud/genesyscloud/flow_outcome/genesyscloud_flow_outcome_proxy.go:38.90,49.2 2 0
terraform-provider-genesyscloud/genesyscloud/flow_outcome/genesyscloud_flow_outcome_proxy.go:53.90,54.26 1 0
terraform-provider-genesyscloud/genesyscloud/flow_outcome/genesyscloud_flow_outcome_proxy.go:54.26,56.3 1 0
terraform-provider-genesyscloud/genesyscloud/flow_outcome/genesyscloud_flow_outcome_proxy.go:58.2,58.22 1 0
terraform-provider-genesyscloud/genesyscloud/flow_outcome/genesyscloud_flow_outcome_proxy.go:62.149,64.2 1 0
terraform-provider-genesyscloud/genesyscloud/flow_outcome/genesyscloud_flow_outcome_proxy.go:67.108,69.2 1 0
terraform-provider-genesyscloud/genesyscloud/flow_outcome/genesyscloud_flow_outcome_proxy.go:72.124,74.2 1 0
terraform-provider-genesyscloud/genesyscloud/flow_outcome/genesyscloud_flow_outcome_proxy.go:77.150,79.2 1 0
terraform-provider-genesyscloud/genesyscloud/flow_outcome/genesyscloud_flow_outcome_proxy.go:82.160,84.2 1 0
terraform-provider-genesyscloud/genesyscloud/flow_outcome/genesyscloud_flow_outcome_proxy.go:87.150,89.16 2 0
terraform-provider-genesyscloud/genesyscloud/flow_outcome/genesyscloud_flow_outcome_proxy.go:89.16,91.3 1 0
terraform-provider-genesyscloud/genesyscloud/flow_outcome/genesyscloud_flow_outcome_proxy.go:93.2,93.25 1 0
terraform-provider-genesyscloud/genesyscloud/flow_outcome/genesyscloud_flow_outcome_proxy.go:97.109,102.16 4 0
terraform-provider-genesyscloud/genesyscloud/flow_outcome/genesyscloud_flow_outcome_proxy.go:102.16,104.3 1 0
terraform-provider-genesyscloud/genesyscloud/flow_outcome/genesyscloud_flow_outcome_proxy.go:105.2,105.70 1 0
terraform-provider-genesyscloud/genesyscloud/flow_outcome/genesyscloud_flow_outcome_proxy.go:105.70,107.3 1 0
terraform-provider-genesyscloud/genesyscloud/flow_outcome/genesyscloud_flow_outcome_proxy.go:108.2,108.53 1 0
terraform-provider-genesyscloud/genesyscloud/flow_outcome/genesyscloud_flow_outcome_proxy.go:108.53,110.3 1 0
terraform-provider-genesyscloud/genesyscloud/flow_outcome/genesyscloud_flow_outcome_proxy.go:112.2,112.66 1 0
terraform-provider-genesyscloud/genesyscloud/flow_outcome/genesyscloud_flow_outcome_proxy.go:112.66,114.17 2 0
terraform-provider-genesyscloud/genesyscloud/flow_outcome/genesyscloud_flow_outcome_proxy.go:114.17,116.4 1 0
terraform-provider-genesyscloud/genesyscloud/flow_outcome/genesyscloud_flow_outcome_proxy.go:118.3,118.71 1 0
terraform-provider-genesyscloud/genesyscloud/flow_outcome/genesyscloud_flow_outcome_proxy.go:118.71,119.9 1 0
terraform-provider-genesyscloud/genesyscloud/flow_outcome/genesyscloud_flow_outcome_proxy.go:122.3,122.54 1 0
terraform-provider-genesyscloud/genesyscloud/flow_outcome/genesyscloud_flow_outcome_proxy.go:122.54,124.4 1 0
terraform-provider-genesyscloud/genesyscloud/flow_outcome/genesyscloud_flow_outcome_proxy.go:127.2,127.30 1 0
terraform-provider-genesyscloud/genesyscloud/flow_outcome/genesyscloud_flow_outcome_proxy.go:131.125,133.16 2 0
terraform-provider-genesyscloud/genesyscloud/flow_outcome/genesyscloud_flow_outcome_proxy.go:133.16,135.3 1 0
terraform-provider-genesyscloud/genesyscloud/flow_outcome/genesyscloud_flow_outcome_proxy.go:137.2,137.70 1 0
terraform-provider-genesyscloud/genesyscloud/flow_outcome/genesyscloud_flow_outcome_proxy.go:137.70,139.3 1 0
terraform-provider-genesyscloud/genesyscloud/flow_outcome/genesyscloud_flow_outcome_proxy.go:141.2,141.56 1 0
terraform-provider-genesyscloud/genesyscloud/flow_outcome/genesyscloud_flow_outcome_proxy.go:141.56,142.35 1 0
terraform-provider-genesyscloud/genesyscloud/flow_outcome/genesyscloud_flow_outcome_proxy.go:142.35,145.4 2 0
terraform-provider-genesyscloud/genesyscloud/flow_outcome/genesyscloud_flow_outcome_proxy.go:148.2,148.79 1 0
terraform-provider-genesyscloud/genesyscloud/flow_outcome/genesyscloud_flow_outcome_proxy.go:152.151,154.16 2 0
terraform-provider-genesyscloud/genesyscloud/flow_outcome/genesyscloud_flow_outcome_proxy.go:154.16,156.3 1 0
terraform-provider-genesyscloud/genesyscloud/flow_outcome/genesyscloud_flow_outcome_proxy.go:158.2,158.42 1 0
terraform-provider-genesyscloud/genesyscloud/flow_outcome/genesyscloud_flow_outcome_proxy.go:162.161,164.16 2 0
terraform-provider-genesyscloud/genesyscloud/flow_outcome/genesyscloud_flow_outcome_proxy.go:164.16,166.3 1 0
terraform-provider-genesyscloud/genesyscloud/flow_outcome/genesyscloud_flow_outcome_proxy.go:167.2,167.25 1 0
terraform-provider-genesyscloud/genesyscloud/flow_outcome/resource_genesyscloud_flow_outcome.go:26.151,31.16 4 0
terraform-provider-genesyscloud/genesyscloud/flow_outcome/resource_genesyscloud_flow_outcome.go:31.16,33.3 1 0
terraform-provider-genesyscloud/genesyscloud/flow_outcome/resource_genesyscloud_flow_outcome.go:35.2,35.44 1 0
terraform-provider-genesyscloud/genesyscloud/flow_outcome/resource_genesyscloud_flow_outcome.go:35.44,37.3 1 0
terraform-provider-genesyscloud/genesyscloud/flow_outcome/resource_genesyscloud_flow_outcome.go:39.2,39.23 1 0
terraform-provider-genesyscloud/genesyscloud/flow_outcome/resource_genesyscloud_flow_outcome.go:43.104,51.16 6 0
terraform-provider-genesyscloud/genesyscloud/flow_outcome/resource_genesyscloud_flow_outcome.go:51.16,53.3 1 0
terraform-provider-genesyscloud/genesyscloud/flow_outcome/resource_genesyscloud_flow_outcome.go:55.2,57.38 3 0
terraform-provider-genesyscloud/genesyscloud/flow_outcome/resource_genesyscloud_flow_outcome.go:61.102,67.68 4 0
terraform-provider-genesyscloud/genesyscloud/flow_outcome/resource_genesyscloud_flow_outcome.go:67.68,69.20 2 0
terraform-provider-genesyscloud/genesyscloud/flow_outcome/resource_genesyscloud_flow_outcome.go:69.20,70.41 1 0
terraform-provider-genesyscloud/genesyscloud/flow_outcome/resource_genesyscloud_flow_outcome.go:70.41,72.5 1 0
terraform-provider-genesyscloud/genesyscloud/flow_outcome/resource_genesyscloud_flow_outcome.go:73.4,73.100 1 0
terraform-provider-genesyscloud/genesyscloud/flow_outcome/resource_genesyscloud_flow_outcome.go:76.3,83.25 6 0
terraform-provider-genesyscloud/genesyscloud/flow_outcome/resource_genesyscloud_flow_outcome.go:88.104,96.16 6 0
terraform-provider-genesyscloud/genesyscloud/flow_outcome/resource_genesyscloud_flow_outcome.go:96.16,98.3 1 0
terraform-provider-genesyscloud/genesyscloud/flow_outcome/resource_genesyscloud_flow_outcome.go:100.2,101.38 2 0
terraform-provider-genesyscloud/genesyscloud/flow_outcome/resource_genesyscloud_flow_outcome.go:105.104,107.2 1 0
terraform-provider-genesyscloud/genesyscloud/flow_outcome/resource_genesyscloud_flow_outcome_schema.go:22.52,26.2 3 0
terraform-provider-genesyscloud/genesyscloud/flow_outcome/resource_genesyscloud_flow_outcome_schema.go:29.45,60.2 1 1
terraform-provider-genesyscloud/genesyscloud/flow_outcome/resource_genesyscloud_flow_outcome_schema.go:63.63,70.2 1 0
terraform-provider-genesyscloud/genesyscloud/flow_outcome/resource_genesyscloud_flow_outcome_schema.go:73.47,88.2 1 1
terraform-provider-genesyscloud/genesyscloud/flow_outcome/resource_genesyscloud_flow_outcome_utils.go:14.90,22.22 4 0
terraform-provider-genesyscloud/genesyscloud/flow_outcome/resource_genesyscloud_flow_outcome_utils.go:22.22,24.3 1 0
terraform-provider-genesyscloud/genesyscloud/flow_outcome/resource_genesyscloud_flow_outcome_utils.go:25.2,25.23 1 0
terraform-provider-genesyscloud/genesyscloud/flow_outcome/resource_genesyscloud_flow_outcome_utils.go:25.23,27.3 1 0
terraform-provider-genesyscloud/genesyscloud/flow_outcome/resource_genesyscloud_flow_outcome_utils.go:29.2,29.16 1 0
terraform-provider-genesyscloud/genesyscloud/integration_action/data_source_genesyscloud_integration_action.go:24.115,32.74 4 0
terraform-provider-genesyscloud/genesyscloud/integration_action/data_source_genesyscloud_integration_action.go:32.74,35.17 2 0
terraform-provider-genesyscloud/genesyscloud/integration_action/data_source_genesyscloud_integration_action.go:35.17,37.4 1 0
terraform-provider-genesyscloud/genesyscloud/integration_action/data_source_genesyscloud_integration_action.go:39.3,39.25 1 0
terraform-provider-genesyscloud/genesyscloud/integration_action/data_source_genesyscloud_integration_action.go:39.25,41.4 1 0
terraform-provider-genesyscloud/genesyscloud/integration_action/data_source_genesyscloud_integration_action.go:43.3,43.24 1 0
terraform-provider-genesyscloud/genesyscloud/integration_action/data_source_genesyscloud_integration_action.go:43.24,45.4 1 0
terraform-provider-genesyscloud/genesyscloud/integration_action/data_source_genesyscloud_integration_action.go:47.3,49.13 3 0
terraform-provider-genesyscloud/genesyscloud/integration_action/genesyscloud_integration_action_proxy.go:69.104,82.2 2 0
terraform-provider-genesyscloud/genesyscloud/integration_action/genesyscloud_integration_action_proxy.go:86.104,87.26 1 0
terraform-provider-genesyscloud/genesyscloud/integration_action/genesyscloud_integration_action_proxy.go:87.26,89.3 1 0
terraform-provider-genesyscloud/genesyscloud/integration_action/genesyscloud_integration_action_proxy.go:91.2,91.22 1 0
terraform-provider-genesyscloud/genesyscloud/integration_action/genesyscloud_integration_action_proxy.go:95.117,97.2 1 0
terraform-provider-genesyscloud/genesyscloud/integration_action/genesyscloud_integration_action_proxy.go:100.171,102.2 1 0
terraform-provider-genesyscloud/genesyscloud/integration_action/genesyscloud_integration_action_proxy.go:105.177,107.2 1 0
terraform-provider-genesyscloud/genesyscloud/integration_action/genesyscloud_integration_action_proxy.go:110.151,112.2 1 0
terraform-provider-genesyscloud/genesyscloud/integration_action/genesyscloud_integration_action_proxy.go:115.212,117.2 1 0
terraform-provider-genesyscloud/genesyscloud/integration_action/genesyscloud_integration_action_proxy.go:120.136,122.2 1 0
terraform-provider-genesyscloud/genesyscloud/integration_action/genesyscloud_integration_action_proxy.go:125.167,127.2 1 0
terraform-provider-genesyscloud/genesyscloud/integration_action/genesyscloud_integration_action_proxy.go:130.118,133.32 2 0
terraform-provider-genesyscloud/genesyscloud/integration_action/genesyscloud_integration_action_proxy.go:133.32,136.17 3 0
terraform-provider-genesyscloud/genesyscloud/integration_action/genesyscloud_integration_action_proxy.go:136.17,138.4 1 0
terraform-provider-genesyscloud/genesyscloud/integration_action/genesyscloud_integration_action_proxy.go:140.3,140.69 1 0
terraform-provider-genesyscloud/genesyscloud/integration_action/genesyscloud_integration_action_proxy.go:140.69,141.9 1 0
terraform-provider-genesyscloud/genesyscloud/integration_action/genesyscloud_integration_action_proxy.go:144.3,144.54 1 0
terraform-provider-genesyscloud/genesyscloud/integration_action/genesyscloud_integration_action_proxy.go:147.2,147.22 1 0
terraform-provider-genesyscloud/genesyscloud/integration_action/genesyscloud_integration_action_proxy.go:151.172,153.16 2 0
terraform-provider-genesyscloud/genesyscloud/integration_action/genesyscloud_integration_action_proxy.go:153.16,155.3 1 0
terraform-provider-genesyscloud/genesyscloud/integration_action/genesyscloud_integration_action_proxy.go:157.2,157.26 1 0
terraform-provider-genesyscloud/genesyscloud/integration_action/genesyscloud_integration_action_proxy.go:161.158,163.16 2 0
terraform-provider-genesyscloud/genesyscloud/integration_action/genesyscloud_integration_action_proxy.go:163.16,165.3 1 0
terraform-provider-genesyscloud/genesyscloud/integration_action/genesyscloud_integration_action_proxy.go:167.2,167.26 1 0
terraform-provider-genesyscloud/genesyscloud/integration_action/genesyscloud_integration_action_proxy.go:171.140,174.32 2 0
terraform-provider-genesyscloud/genesyscloud/integration_action/genesyscloud_integration_action_proxy.go:174.32,177.17 3 0
terraform-provider-genesyscloud/genesyscloud/integration_action/genesyscloud_integration_action_proxy.go:177.17,179.4 1 0
terraform-provider-genesyscloud/genesyscloud/integration_action/genesyscloud_integration_action_proxy.go:181.3,181.81 1 0
terraform-provider-genesyscloud/genesyscloud/integration_action/genesyscloud_integration_action_proxy.go:181.81,182.9 1 0
terraform-provider-genesyscloud/genesyscloud/integration_action/genesyscloud_integration_action_proxy.go:185.3,185.54 1 0
terraform-provider-genesyscloud/genesyscloud/integration_action/genesyscloud_integration_action_proxy.go:185.54,186.56 1 0
terraform-provider-genesyscloud/genesyscloud/integration_action/genesyscloud_integration_action_proxy.go:186.56,188.5 1 0
terraform-provider-genesyscloud/genesyscloud/integration_action/genesyscloud_integration_action_proxy.go:192.2,192.22 1 0
terraform-provider-genesyscloud/genesyscloud/integration_action/genesyscloud_integration_action_proxy.go:196.213,198.16 2 0
terraform-provider-genesyscloud/genesyscloud/integration_action/genesyscloud_integration_action_proxy.go:198.16,200.3 1 0
terraform-provider-genesyscloud/genesyscloud/integration_action/genesyscloud_integration_action_proxy.go:202.2,202.26 1 0
terraform-provider-genesyscloud/genesyscloud/integration_action/genesyscloud_integration_action_proxy.go:206.137,208.16 2 0
terraform-provider-genesyscloud/genesyscloud/integration_action/genesyscloud_integration_action_proxy.go:208.16,210.3 1 0
terraform-provider-genesyscloud/genesyscloud/integration_action/genesyscloud_integration_action_proxy.go:212.2,212.18 1 0
terraform-provider-genesyscloud/genesyscloud/integration_action/genesyscloud_integration_action_proxy.go:216.168,218.16 2 0
terraform-provider-genesyscloud/genesyscloud/integration_action/genesyscloud_integration_action_proxy.go:218.16,220.3 1 0
terraform-provider-genesyscloud/genesyscloud/integration_action/genesyscloud_integration_action_proxy.go:221.2,221.28 1 0
terraform-provider-genesyscloud/genesyscloud/integration_action/genesyscloud_integration_action_proxy.go:225.154,234.51 4 0
terraform-provider-genesyscloud/genesyscloud/integration_action/genesyscloud_integration_action_proxy.go:234.51,236.3 1 0
terraform-provider-genesyscloud/genesyscloud/integration_action/genesyscloud_integration_action_proxy.go:238.2,244.16 6 0
terraform-provider-genesyscloud/genesyscloud/integration_action/genesyscloud_integration_action_proxy.go:244.17,246.3 0 0
terraform-provider-genesyscloud/genesyscloud/integration_action/genesyscloud_integration_action_proxy.go:246.8,246.34 1 0
terraform-provider-genesyscloud/genesyscloud/integration_action/genesyscloud_integration_action_proxy.go:246.34,248.3 1 0
terraform-provider-genesyscloud/genesyscloud/integration_action/genesyscloud_integration_action_proxy.go:248.8,250.3 1 0
terraform-provider-genesyscloud/genesyscloud/integration_action/genesyscloud_integration_action_proxy.go:251.2,251.38 1 0
terraform-provider-genesyscloud/genesyscloud/integration_action/genesyscloud_integration_action_proxy.go:255.145,265.41 5 0
terraform-provider-genesyscloud/genesyscloud/integration_action/genesyscloud_integration_action_proxy.go:265.41,267.3 1 0
terraform-provider-genesyscloud/genesyscloud/integration_action/genesyscloud_integration_action_proxy.go:269.2,269.51 1 0
terraform-provider-genesyscloud/genesyscloud/integration_action/genesyscloud_integration_action_proxy.go:269.51,271.3 1 0
terraform-provider-genesyscloud/genesyscloud/integration_action/genesyscloud_integration_action_proxy.go:273.2,281.16 7 0
terraform-provider-genesyscloud/genesyscloud/integration_action/genesyscloud_integration_action_proxy.go:281.17,283.3 0 0
terraform-provider-genesyscloud/genesyscloud/integration_action/genesyscloud_integration_action_proxy.go:283.8,283.34 1 0
terraform-provider-genesyscloud/genesyscloud/integration_action/genesyscloud_integration_action_proxy.go:283.34,285.3 1 0
terraform-provider-genesyscloud/genesyscloud/integration_action/genesyscloud_integration_action_proxy.go:285.8,287.3 1 0
terraform-provider-genesyscloud/genesyscloud/integration_action/genesyscloud_integration_action_proxy.go:288.2,288.38 1 0
terraform-provider-genesyscloud/genesyscloud/integration_action/genesyscloud_integration_action_proxy.go:292.156,302.41 5 0
terraform-provider-genesyscloud/genesyscloud/integration_action/genesyscloud_integration_action_proxy.go:302.41,304.3 1 0
terraform-provider-genesyscloud/genesyscloud/integration_action/genesyscloud_integration_action_proxy.go:306.2,306.51 1 0
terraform-provider-genesyscloud/genesyscloud/integration_action/genesyscloud_integration_action_proxy.go:306.51,308.3 1 0
terraform-provider-genesyscloud/genesyscloud/integration_action/genesyscloud_integration_action_proxy.go:310.2,315.16 5 0
terraform-provider-genesyscloud/genesyscloud/integration_action/genesyscloud_integration_action_proxy.go:315.17,317.3 0 0
terraform-provider-genesyscloud/genesyscloud/integration_action/genesyscloud_integration_action_proxy.go:317.8,317.34 1 0
terraform-provider-genesyscloud/genesyscloud/integration_action/genesyscloud_integration_action_proxy.go:317.34,319.3 1 0
terraform-provider-genesyscloud/genesyscloud/integration_action/genesyscloud_integration_action_proxy.go:319.8,322.3 2 0
terraform-provider-genesyscloud/genesyscloud/integration_action/genesyscloud_integration_action_proxy.go:323.2,323.38 1 0
terraform-provider-genesyscloud/genesyscloud/integration_action/resource_genesyscloud_integration_action.go:44.153,49.16 4 0
terraform-provider-genesyscloud/genesyscloud/integration_action/resource_genesyscloud_integration_action.go:49.16,51.3 1 0
terraform-provider-genesyscloud/genesyscloud/integration_action/resource_genesyscloud_integration_action.go:53.2,53.34 1 0
terraform-provider-genesyscloud/genesyscloud/integration_action/resource_genesyscloud_integration_action.go:53.34,55.46 1 0
terraform-provider-genesyscloud/genesyscloud/integration_action/resource_genesyscloud_integration_action.go:55.46,56.12 1 0
terraform-provider-genesyscloud/genesyscloud/integration_action/resource_genesyscloud_integration_action.go:58.3,58.77 1 0
terraform-provider-genesyscloud/genesyscloud/integration_action/resource_genesyscloud_integration_action.go:61.2,61.23 1 0
terraform-provider-genesyscloud/genesyscloud/integration_action/resource_genesyscloud_integration_action.go:65.110,77.20 9 0
terraform-provider-genesyscloud/genesyscloud/integration_action/resource_genesyscloud_integration_action.go:77.20,79.3 1 0
terraform-provider-genesyscloud/genesyscloud/integration_action/resource_genesyscloud_integration_action.go:81.2,81.106 1 0
terraform-provider-genesyscloud/genesyscloud/integration_action/resource_genesyscloud_integration_action.go:81.106,90.17 2 0
terraform-provider-genesyscloud/genesyscloud/integration_action/resource_genesyscloud_integration_action.go:90.17,92.4 1 0
terraform-provider-genesyscloud/genesyscloud/integration_action/resource_genesyscloud_integration_action.go:93.3,96.19 3 0
terraform-provider-genesyscloud/genesyscloud/integration_action/resource_genesyscloud_integration_action.go:98.2,98.20 1 0
terraform-provider-genesyscloud/genesyscloud/integration_action/resource_genesyscloud_integration_action.go:98.20,100.3 1 0
terraform-provider-genesyscloud/genesyscloud/integration_action/resource_genesyscloud_integration_action.go:102.2,102.44 1 0
terraform-provider-genesyscloud/genesyscloud/integration_action/resource_genesyscloud_integration_action.go:106.108,112.68 4 0
terraform-provider-genesyscloud/genesyscloud/integration_action/resource_genesyscloud_integration_action.go:112.68,114.17 2 0
terraform-provider-genesyscloud/genesyscloud/integration_action/resource_genesyscloud_integration_action.go:114.17,115.32 1 0
terraform-provider-genesyscloud/genesyscloud/integration_action/resource_genesyscloud_integration_action.go:115.32,117.5 1 0
terraform-provider-genesyscloud/genesyscloud/integration_action/resource_genesyscloud_integration_action.go:118.4,118.103 1 0
terraform-provider-genesyscloud/genesyscloud/integration_action/resource_genesyscloud_integration_action.go:122.3,123.17 2 0
terraform-provider-genesyscloud/genesyscloud/integration_action/resource_genesyscloud_integration_action.go:123.17,124.32 1 0
terraform-provider-genesyscloud/genesyscloud/integration_action/resource_genesyscloud_integration_action.go:124.32,127.5 2 0
terraform-provider-genesyscloud/genesyscloud/integration_action/resource_genesyscloud_integration_action.go:128.4,128.124 1 0
terraform-provider-genesyscloud/genesyscloud/integration_action/resource_genesyscloud_integration_action.go:131.3,132.17 2 0
terraform-provider-genesyscloud/genesyscloud/integration_action/resource_genesyscloud_integration_action.go:132.17,133.32 1 0
terraform-provider-genesyscloud/genesyscloud/integration_action/resource_genesyscloud_integration_action.go:133.32,136.5 2 0
terraform-provider-genesyscloud/genesyscloud/integration_action/resource_genesyscloud_integration_action.go:137.4,137.124 1 0
terraform-provider-genesyscloud/genesyscloud/integration_action/resource_genesyscloud_integration_action.go:140.3,148.105 7 0
terraform-provider-genesyscloud/genesyscloud/integration_action/resource_genesyscloud_integration_action.go:148.105,150.18 2 0
terraform-provider-genesyscloud/genesyscloud/integration_action/resource_genesyscloud_integration_action.go:150.18,152.5 1 0
terraform-provider-genesyscloud/genesyscloud/integration_action/resource_genesyscloud_integration_action.go:153.4,153.34 1 0
terraform-provider-genesyscloud/genesyscloud/integration_action/resource_genesyscloud_integration_action.go:154.9,156.4 1 0
terraform-provider-genesyscloud/genesyscloud/integration_action/resource_genesyscloud_integration_action.go:158.3,158.109 1 0
terraform-provider-genesyscloud/genesyscloud/integration_action/resource_genesyscloud_integration_action.go:158.109,160.18 2 0
terraform-provider-genesyscloud/genesyscloud/integration_action/resource_genesyscloud_integration_action.go:160.18,162.5 1 0
terraform-provider-genesyscloud/genesyscloud/integration_action/resource_genesyscloud_integration_action.go:163.4,163.36 1 0
terraform-provider-genesyscloud/genesyscloud/integration_action/resource_genesyscloud_integration_action.go:164.9,166.4 1 0
terraform-provider-genesyscloud/genesyscloud/integration_action/resource_genesyscloud_integration_action.go:168.3,168.59 1 0
terraform-provider-genesyscloud/genesyscloud/integration_action/resource_genesyscloud_integration_action.go:168.59,171.4 2 0
terraform-provider-genesyscloud/genesyscloud/integration_action/resource_genesyscloud_integration_action.go:171.9,173.4 1 0
terraform-provider-genesyscloud/genesyscloud/integration_action/resource_genesyscloud_integration_action.go:175.3,175.60 1 0
terraform-provider-genesyscloud/genesyscloud/integration_action/resource_genesyscloud_integration_action.go:175.60,178.4 2 0
terraform-provider-genesyscloud/genesyscloud/integration_action/resource_genesyscloud_integration_action.go:178.9,180.4 1 0
terraform-provider-genesyscloud/genesyscloud/integration_action/resource_genesyscloud_integration_action.go:182.3,183.25 2 0
terraform-provider-genesyscloud/genesyscloud/integration_action/resource_genesyscloud_integration_action.go:188.110,197.113 6 0
terraform-provider-genesyscloud/genesyscloud/integration_action/resource_genesyscloud_integration_action.go:197.113,200.17 2 0
terraform-provider-genesyscloud/genesyscloud/integration_action/resource_genesyscloud_integration_action.go:200.17,202.4 1 0
terraform-provider-genesyscloud/genesyscloud/integration_action/resource_genesyscloud_integration_action.go:204.3,210.17 2 0
terraform-provider-genesyscloud/genesyscloud/integration_action/resource_genesyscloud_integration_action.go:210.17,212.4 1 0
terraform-provider-genesyscloud/genesyscloud/integration_action/resource_genesyscloud_integration_action.go:213.3,213.19 1 0
terraform-provider-genesyscloud/genesyscloud/integration_action/resource_genesyscloud_integration_action.go:215.2,215.20 1 0
terraform-provider-genesyscloud/genesyscloud/integration_action/resource_genesyscloud_integration_action.go:215.20,217.3 1 0
terraform-provider-genesyscloud/genesyscloud/integration_action/resource_genesyscloud_integration_action.go:219.2,220.44 2 0
terraform-provider-genesyscloud/genesyscloud/integration_action/resource_genesyscloud_integration_action.go:224.110,232.16 6 0
terraform-provider-genesyscloud/genesyscloud/integration_action/resource_genesyscloud_integration_action.go:232.16,233.31 1 0
terraform-provider-genesyscloud/genesyscloud/integration_action/resource_genesyscloud_integration_action.go:233.31,237.4 2 0
terraform-provider-genesyscloud/genesyscloud/integration_action/resource_genesyscloud_integration_action.go:238.3,238.80 1 0
terraform-provider-genesyscloud/genesyscloud/integration_action/resource_genesyscloud_integration_action.go:241.2,241.74 1 0
terraform-provider-genesyscloud/genesyscloud/integration_action/resource_genesyscloud_integration_action.go:241.74,243.17 2 0
terraform-provider-genesyscloud/genesyscloud/integration_action/resource_genesyscloud_integration_action.go:243.17,244.32 1 0
terraform-provider-genesyscloud/genesyscloud/integration_action/resource_genesyscloud_integration_action.go:244.32,248.5 2 0
terraform-provider-genesyscloud/genesyscloud/integration_action/resource_genesyscloud_integration_action.go:249.4,249.103 1 0
terraform-provider-genesyscloud/genesyscloud/integration_action/resource_genesyscloud_integration_action.go:251.3,251.88 1 0
terraform-provider-genesyscloud/genesyscloud/integration_action/resource_genesyscloud_integration_action_schema.go:23.42,27.2 3 0
terraform-provider-genesyscloud/genesyscloud/integration_action/resource_genesyscloud_integration_action_schema.go:30.51,156.2 3 1
terraform-provider-genesyscloud/genesyscloud/integration_action/resource_genesyscloud_integration_action_schema.go:159.69,167.2 1 0
terraform-provider-genesyscloud/genesyscloud/integration_action/resource_genesyscloud_integration_action_schema.go:170.53,182.2 1 1
terraform-provider-genesyscloud/genesyscloud/integration_action/resource_genesyscloud_integration_action_utils.go:51.89,54.16 3 0
terraform-provider-genesyscloud/genesyscloud/integration_action/resource_genesyscloud_integration_action_utils.go:54.16,56.3 1 0
terraform-provider-genesyscloud/genesyscloud/integration_action/resource_genesyscloud_integration_action_utils.go:58.2,60.16 3 0
terraform-provider-genesyscloud/genesyscloud/integration_action/resource_genesyscloud_integration_action_utils.go:60.16,62.3 1 0
terraform-provider-genesyscloud/genesyscloud/integration_action/resource_genesyscloud_integration_action_utils.go:64.2,67.8 1 0
terraform-provider-genesyscloud/genesyscloud/integration_action/resource_genesyscloud_integration_action_utils.go:71.82,78.30 3 0
terraform-provider-genesyscloud/genesyscloud/integration_action/resource_genesyscloud_integration_action_utils.go:78.30,80.3 1 0
terraform-provider-genesyscloud/genesyscloud/integration_action/resource_genesyscloud_integration_action_utils.go:82.2,82.21 1 0
terraform-provider-genesyscloud/genesyscloud/integration_action/resource_genesyscloud_integration_action_utils.go:86.90,87.68 1 0
terraform-provider-genesyscloud/genesyscloud/integration_action/resource_genesyscloud_integration_action_utils.go:87.68,88.71 1 0
terraform-provider-genesyscloud/genesyscloud/integration_action/resource_genesyscloud_integration_action_utils.go:88.71,95.69 6 0
terraform-provider-genesyscloud/genesyscloud/integration_action/resource_genesyscloud_integration_action_utils.go:95.69,96.62 1 0
terraform-provider-genesyscloud/genesyscloud/integration_action/resource_genesyscloud_integration_action_utils.go:96.62,98.6 1 0
terraform-provider-genesyscloud/genesyscloud/integration_action/resource_genesyscloud_integration_action_utils.go:101.4,106.5 1 0
terraform-provider-genesyscloud/genesyscloud/integration_action/resource_genesyscloud_integration_action_utils.go:109.2,109.42 1 0
terraform-provider-genesyscloud/genesyscloud/integration_action/resource_genesyscloud_integration_action_utils.go:113.92,114.71 1 0
terraform-provider-genesyscloud/genesyscloud/integration_action/resource_genesyscloud_integration_action_utils.go:114.71,115.72 1 0
terraform-provider-genesyscloud/genesyscloud/integration_action/resource_genesyscloud_integration_action_utils.go:115.72,119.71 3 0
terraform-provider-genesyscloud/genesyscloud/integration_action/resource_genesyscloud_integration_action_utils.go:119.71,120.59 1 0
terraform-provider-genesyscloud/genesyscloud/integration_action/resource_genesyscloud_integration_action_utils.go:120.59,122.6 1 0
terraform-provider-genesyscloud/genesyscloud/integration_action/resource_genesyscloud_integration_action_utils.go:124.4,125.80 2 0
terraform-provider-genesyscloud/genesyscloud/integration_action/resource_genesyscloud_integration_action_utils.go:125.80,126.59 1 0
terraform-provider-genesyscloud/genesyscloud/integration_action/resource_genesyscloud_integration_action_utils.go:126.59,128.6 1 0
terraform-provider-genesyscloud/genesyscloud/integration_action/resource_genesyscloud_integration_action_utils.go:130.4,131.56 2 0
terraform-provider-genesyscloud/genesyscloud/integration_action/resource_genesyscloud_integration_action_utils.go:131.56,133.5 1 0
terraform-provider-genesyscloud/genesyscloud/integration_action/resource_genesyscloud_integration_action_utils.go:135.4,139.5 1 0
terraform-provider-genesyscloud/genesyscloud/integration_action/resource_genesyscloud_integration_action_utils.go:142.2,142.43 1 0
terraform-provider-genesyscloud/genesyscloud/integration_action/resource_genesyscloud_integration_action_utils.go:146.75,147.19 1 0
terraform-provider-genesyscloud/genesyscloud/integration_action/resource_genesyscloud_integration_action_utils.go:147.19,149.3 1 0
terraform-provider-genesyscloud/genesyscloud/integration_action/resource_genesyscloud_integration_action_utils.go:150.2,151.16 2 0
terraform-provider-genesyscloud/genesyscloud/integration_action/resource_genesyscloud_integration_action_utils.go:151.16,153.3 1 0
terraform-provider-genesyscloud/genesyscloud/integration_action/resource_genesyscloud_integration_action_utils.go:154.2,154.33 1 0
terraform-provider-genesyscloud/genesyscloud/integration_action/resource_genesyscloud_integration_action_utils.go:158.90,167.2 6 0
terraform-provider-genesyscloud/genesyscloud/integration_action/resource_genesyscloud_integration_action_utils.go:170.93,178.2 5 0
terraform-provider-genesyscloud/genesyscloud/flow_milestone/data_source_genesyscloud_flow_milestone.go:21.114,27.74 4 1
terraform-provider-genesyscloud/genesyscloud/flow_milestone/data_source_genesyscloud_flow_milestone.go:27.74,30.31 2 1
terraform-provider-genesyscloud/genesyscloud/flow_milestone/data_source_genesyscloud_flow_milestone.go:30.31,32.4 1 0
terraform-provider-genesyscloud/genesyscloud/flow_milestone/data_source_genesyscloud_flow_milestone.go:34.3,34.16 1 1
terraform-provider-genesyscloud/genesyscloud/flow_milestone/data_source_genesyscloud_flow_milestone.go:34.16,36.4 1 1
terraform-provider-genesyscloud/genesyscloud/flow_milestone/data_source_genesyscloud_flow_milestone.go:38.3,39.13 2 1
terraform-provider-genesyscloud/genesyscloud/flow_milestone/genesyscloud_flow_milestone_proxy.go:40.94,52.2 2 1
terraform-provider-genesyscloud/genesyscloud/flow_milestone/genesyscloud_flow_milestone_proxy.go:56.94,57.26 1 1
terraform-provider-genesyscloud/genesyscloud/flow_milestone/genesyscloud_flow_milestone_proxy.go:57.26,59.3 1 1
terraform-provider-genesyscloud/genesyscloud/flow_milestone/genesyscloud_flow_milestone_proxy.go:61.2,61.22 1 1
terraform-provider-genesyscloud/genesyscloud/flow_milestone/genesyscloud_flow_milestone_proxy.go:65.159,67.2 1 1
terraform-provider-genesyscloud/genesyscloud/flow_milestone/genesyscloud_flow_milestone_proxy.go:70.114,72.2 1 0
terraform-provider-genesyscloud/genesyscloud/flow_milestone/genesyscloud_flow_milestone_proxy.go:75.128,77.2 1 1
terraform-provider-genesyscloud/genesyscloud/flow_milestone/genesyscloud_flow_milestone_proxy.go:80.158,82.2 1 1
terraform-provider-genesyscloud/genesyscloud/flow_milestone/genesyscloud_flow_milestone_proxy.go:85.170,87.2 1 1
terraform-provider-genesyscloud/genesyscloud/flow_milestone/genesyscloud_flow_milestone_proxy.go:90.110,92.2 1 1
terraform-provider-genesyscloud/genesyscloud/flow_milestone/genesyscloud_flow_milestone_proxy.go:95.160,97.16 2 1
terraform-provider-genesyscloud/genesyscloud/flow_milestone/genesyscloud_flow_milestone_proxy.go:97.16,99.3 1 0
terraform-provider-genesyscloud/genesyscloud/flow_milestone/genesyscloud_flow_milestone_proxy.go:101.2,101.27 1 1
terraform-provider-genesyscloud/genesyscloud/flow_milestone/genesyscloud_flow_milestone_proxy.go:105.115,110.16 4 0
terraform-provider-genesyscloud/genesyscloud/flow_milestone/genesyscloud_flow_milestone_proxy.go:110.16,112.3 1 0
terraform-provider-genesyscloud/genesyscloud/flow_milestone/genesyscloud_flow_milestone_proxy.go:113.2,113.74 1 0
terraform-provider-genesyscloud/genesyscloud/flow_milestone/genesyscloud_flow_milestone_proxy.go:113.74,115.3 1 0
terraform-provider-genesyscloud/genesyscloud/flow_milestone/genesyscloud_flow_milestone_proxy.go:116.2,116.57 1 0
terraform-provider-genesyscloud/genesyscloud/flow_milestone/genesyscloud_flow_milestone_proxy.go:116.57,118.3 1 0
terraform-provider-genesyscloud/genesyscloud/flow_milestone/genesyscloud_flow_milestone_proxy.go:120.2,120.68 1 0
terraform-provider-genesyscloud/genesyscloud/flow_milestone/genesyscloud_flow_milestone_proxy.go:120.68,122.17 2 0
terraform-provider-genesyscloud/genesyscloud/flow_milestone/genesyscloud_flow_milestone_proxy.go:122.17,124.4 1 0
terraform-provider-genesyscloud/genesyscloud/flow_milestone/genesyscloud_flow_milestone_proxy.go:126.3,126.75 1 0
terraform-provider-genesyscloud/genesyscloud/flow_milestone/genesyscloud_flow_milestone_proxy.go:126.75,127.9 1 0
terraform-provider-genesyscloud/genesyscloud/flow_milestone/genesyscloud_flow_milestone_proxy.go:130.3,130.58 1 0
terraform-provider-genesyscloud/genesyscloud/flow_milestone/genesyscloud_flow_milestone_proxy.go:130.58,132.4 1 0
terraform-provider-genesyscloud/genesyscloud/flow_milestone/genesyscloud_flow_milestone_proxy.go:135.2,135.32 1 0
terraform-provider-genesyscloud/genesyscloud/flow_milestone/genesyscloud_flow_milestone_proxy.go:139.129,141.16 2 1
terraform-provider-genesyscloud/genesyscloud/flow_milestone/genesyscloud_flow_milestone_proxy.go:141.16,143.3 1 0
terraform-provider-genesyscloud/genesyscloud/flow_milestone/genesyscloud_flow_milestone_proxy.go:145.2,145.74 1 1
terraform-provider-genesyscloud/genesyscloud/flow_milestone/genesyscloud_flow_milestone_proxy.go:145.74,147.3 1 1
terraform-provider-genesyscloud/genesyscloud/flow_milestone/genesyscloud_flow_milestone_proxy.go:149.2,149.60 1 1
terraform-provider-genesyscloud/genesyscloud/flow_milestone/genesyscloud_flow_milestone_proxy.go:149.60,150.37 1 1
terraform-provider-genesyscloud/genesyscloud/flow_milestone/genesyscloud_flow_milestone_proxy.go:150.37,153.4 2 1
terraform-provider-genesyscloud/genesyscloud/flow_milestone/genesyscloud_flow_milestone_proxy.go:156.2,156.81 1 0
terraform-provider-genesyscloud/genesyscloud/flow_milestone/genesyscloud_flow_milestone_proxy.go:160.159,162.16 2 1
terraform-provider-genesyscloud/genesyscloud/flow_milestone/genesyscloud_flow_milestone_proxy.go:162.16,164.3 1 1
terraform-provider-genesyscloud/genesyscloud/flow_milestone/genesyscloud_flow_milestone_proxy.go:166.2,166.44 1 1
terraform-provider-genesyscloud/genesyscloud/flow_milestone/genesyscloud_flow_milestone_proxy.go:170.171,172.16 2 1
terraform-provider-genesyscloud/genesyscloud/flow_milestone/genesyscloud_flow_milestone_proxy.go:172.16,174.3 1 0
terraform-provider-genesyscloud/genesyscloud/flow_milestone/genesyscloud_flow_milestone_proxy.go:175.2,175.27 1 1
terraform-provider-genesyscloud/genesyscloud/flow_milestone/genesyscloud_flow_milestone_proxy.go:179.111,181.16 2 1
terraform-provider-genesyscloud/genesyscloud/flow_milestone/genesyscloud_flow_milestone_proxy.go:181.16,183.3 1 0
terraform-provider-genesyscloud/genesyscloud/flow_milestone/genesyscloud_flow_milestone_proxy.go:185.2,185.29 1 1
terraform-provider-genesyscloud/genesyscloud/flow_milestone/resource_genesyscloud_flow_milestone.go:27.153,32.16 4 0
terraform-provider-genesyscloud/genesyscloud/flow_milestone/resource_genesyscloud_flow_milestone.go:32.16,34.3 1 0
terraform-provider-genesyscloud/genesyscloud/flow_milestone/resource_genesyscloud_flow_milestone.go:36.2,36.48 1 0
terraform-provider-genesyscloud/genesyscloud/flow_milestone/resource_genesyscloud_flow_milestone.go:36.48,38.3 1 0
terraform-provider-genesyscloud/genesyscloud/flow_milestone/resource_genesyscloud_flow_milestone.go:40.2,40.23 1 0
terraform-provider-genesyscloud/genesyscloud/flow_milestone/resource_genesyscloud_flow_milestone.go:44.106,52.16 6 1
terraform-provider-genesyscloud/genesyscloud/flow_milestone/resource_genesyscloud_flow_milestone.go:52.16,54.3 1 0
terraform-provider-genesyscloud/genesyscloud/flow_milestone/resource_genesyscloud_flow_milestone.go:56.2,58.40 3 1
terraform-provider-genesyscloud/genesyscloud/flow_milestone/resource_genesyscloud_flow_milestone.go:62.104,68.68 4 1
terraform-provider-genesyscloud/genesyscloud/flow_milestone/resource_genesyscloud_flow_milestone.go:68.68,70.20 2 1
terraform-provider-genesyscloud/genesyscloud/flow_milestone/resource_genesyscloud_flow_milestone.go:70.20,71.41 1 0
terraform-provider-genesyscloud/genesyscloud/flow_milestone/resource_genesyscloud_flow_milestone.go:71.41,73.5 1 0
terraform-provider-genesyscloud/genesyscloud/flow_milestone/resource_genesyscloud_flow_milestone.go:74.4,74.102 1 0
terraform-provider-genesyscloud/genesyscloud/flow_milestone/resource_genesyscloud_flow_milestone.go:77.3,84.25 6 1
terraform-provider-genesyscloud/genesyscloud/flow_milestone/resource_genesyscloud_flow_milestone.go:89.106,97.16 6 1
terraform-provider-genesyscloud/genesyscloud/flow_milestone/resource_genesyscloud_flow_milestone.go:97.16,99.3 1 0
terraform-provider-genesyscloud/genesyscloud/flow_milestone/resource_genesyscloud_flow_milestone.go:101.2,102.40 2 1
terraform-provider-genesyscloud/genesyscloud/flow_milestone/resource_genesyscloud_flow_milestone.go:106.106,111.16 4 1
terraform-provider-genesyscloud/genesyscloud/flow_milestone/resource_genesyscloud_flow_milestone.go:111.16,113.3 1 0
terraform-provider-genesyscloud/genesyscloud/flow_milestone/resource_genesyscloud_flow_milestone.go:115.2,115.75 1 1
terraform-provider-genesyscloud/genesyscloud/flow_milestone/resource_genesyscloud_flow_milestone.go:115.75,118.17 2 1
terraform-provider-genesyscloud/genesyscloud/flow_milestone/resource_genesyscloud_flow_milestone.go:118.17,119.41 1 1
terraform-provider-genesyscloud/genesyscloud/flow_milestone/resource_genesyscloud_flow_milestone.go:119.41,122.5 2 1
terraform-provider-genesyscloud/genesyscloud/flow_milestone/resource_genesyscloud_flow_milestone.go:123.4,123.99 1 0
terraform-provider-genesyscloud/genesyscloud/flow_milestone/resource_genesyscloud_flow_milestone.go:126.3,126.84 1 0
terraform-provider-genesyscloud/genesyscloud/flow_milestone/resource_genesyscloud_flow_milestone_schema.go:22.52,26.2 3 0
terraform-provider-genesyscloud/genesyscloud/flow_milestone/resource_genesyscloud_flow_milestone_schema.go:29.47,60.2 1 1
terraform-provider-genesyscloud/genesyscloud/flow_milestone/resource_genesyscloud_flow_milestone_schema.go:63.65,70.2 1 0
terraform-provider-genesyscloud/genesyscloud/flow_milestone/resource_genesyscloud_flow_milestone_schema.go:73.49,88.2 1 1
terraform-provider-genesyscloud/genesyscloud/flow_milestone/resource_genesyscloud_flow_milestone_utils.go:14.94,21.22 4 1
terraform-provider-genesyscloud/genesyscloud/flow_milestone/resource_genesyscloud_flow_milestone_utils.go:21.22,23.3 1 1
terraform-provider-genesyscloud/genesyscloud/flow_milestone/resource_genesyscloud_flow_milestone_utils.go:24.2,24.23 1 1
terraform-provider-genesyscloud/genesyscloud/flow_milestone/resource_genesyscloud_flow_milestone_utils.go:24.23,26.3 1 1
terraform-provider-genesyscloud/genesyscloud/flow_milestone/resource_genesyscloud_flow_milestone_utils.go:28.2,28.18 1 1
terraform-provider-genesyscloud/genesyscloud/external_contacts/data_source_genesyscloud_externalcontacts_contact.go:25.121,30.74 4 1
terraform-provider-genesyscloud/genesyscloud/external_contacts/data_source_genesyscloud_externalcontacts_contact.go:30.74,34.31 2 1
terraform-provider-genesyscloud/genesyscloud/external_contacts/data_source_genesyscloud_externalcontacts_contact.go:34.31,36.4 1 0
terraform-provider-genesyscloud/genesyscloud/external_contacts/data_source_genesyscloud_externalcontacts_contact.go:38.3,38.16 1 1
terraform-provider-genesyscloud/genesyscloud/external_contacts/data_source_genesyscloud_externalcontacts_contact.go:38.16,40.4 1 1
terraform-provider-genesyscloud/genesyscloud/external_contacts/data_source_genesyscloud_externalcontacts_contact.go:42.3,43.13 2 1
terraform-provider-genesyscloud/genesyscloud/external_contacts/genesyscloud_externalcontacts_contact_proxy.go:56.116,68.2 2 1
terraform-provider-genesyscloud/genesyscloud/external_contacts/genesyscloud_externalcontacts_contact_proxy.go:72.116,73.26 1 1
terraform-provider-genesyscloud/genesyscloud/external_contacts/genesyscloud_externalcontacts_contact_proxy.go:73.26,75.3 1 1
terraform-provider-genesyscloud/genesyscloud/external_contacts/genesyscloud_externalcontacts_contact_proxy.go:77.2,77.22 1 1
terraform-provider-genesyscloud/genesyscloud/external_contacts/genesyscloud_externalcontacts_contact_proxy.go:81.130,83.2 1 0
terraform-provider-genesyscloud/genesyscloud/external_contacts/genesyscloud_externalcontacts_contact_proxy.go:86.178,88.2 1 1
terraform-provider-genesyscloud/genesyscloud/external_contacts/genesyscloud_externalcontacts_contact_proxy.go:91.125,93.2 1 1
terraform-provider-genesyscloud/genesyscloud/external_contacts/genesyscloud_externalcontacts_contact_proxy.go:96.159,98.2 1 1
terraform-provider-genesyscloud/genesyscloud/external_contacts/genesyscloud_externalcontacts_contact_proxy.go:101.160,103.2 1 1
terraform-provider-genesyscloud/genesyscloud/external_contacts/genesyscloud_externalcontacts_contact_proxy.go:106.204,108.2 1 1
terraform-provider-genesyscloud/genesyscloud/external_contacts/genesyscloud_externalcontacts_contact_proxy.go:111.131,115.6 3 0
terraform-provider-genesyscloud/genesyscloud/external_contacts/genesyscloud_externalcontacts_contact_proxy.go:115.6,117.17 2 0
terraform-provider-genesyscloud/genesyscloud/external_contacts/genesyscloud_externalcontacts_contact_proxy.go:117.17,119.4 1 0
terraform-provider-genesyscloud/genesyscloud/external_contacts/genesyscloud_externalcontacts_contact_proxy.go:121.3,121.79 1 0
terraform-provider-genesyscloud/genesyscloud/external_contacts/genesyscloud_externalcontacts_contact_proxy.go:121.79,122.9 1 0
terraform-provider-genesyscloud/genesyscloud/external_contacts/genesyscloud_externalcontacts_contact_proxy.go:125.3,125.62 1 0
terraform-provider-genesyscloud/genesyscloud/external_contacts/genesyscloud_externalcontacts_contact_proxy.go:125.62,127.4 1 0
terraform-provider-genesyscloud/genesyscloud/external_contacts/genesyscloud_externalcontacts_contact_proxy.go:129.3,129.79 1 0
terraform-provider-genesyscloud/genesyscloud/external_contacts/genesyscloud_externalcontacts_contact_proxy.go:129.79,130.9 1 0
terraform-provider-genesyscloud/genesyscloud/external_contacts/genesyscloud_externalcontacts_contact_proxy.go:132.3,132.43 1 0
terraform-provider-genesyscloud/genesyscloud/external_contacts/genesyscloud_externalcontacts_contact_proxy.go:135.2,135.34 1 0
terraform-provider-genesyscloud/genesyscloud/external_contacts/genesyscloud_externalcontacts_contact_proxy.go:139.179,141.16 2 1
terraform-provider-genesyscloud/genesyscloud/external_contacts/genesyscloud_externalcontacts_contact_proxy.go:141.16,143.3 1 0
terraform-provider-genesyscloud/genesyscloud/external_contacts/genesyscloud_externalcontacts_contact_proxy.go:145.2,145.21 1 1
terraform-provider-genesyscloud/genesyscloud/external_contacts/genesyscloud_externalcontacts_contact_proxy.go:149.125,151.16 2 1
terraform-provider-genesyscloud/genesyscloud/external_contacts/genesyscloud_externalcontacts_contact_proxy.go:151.16,153.3 1 0
terraform-provider-genesyscloud/genesyscloud/external_contacts/genesyscloud_externalcontacts_contact_proxy.go:155.2,155.29 1 1
terraform-provider-genesyscloud/genesyscloud/external_contacts/genesyscloud_externalcontacts_contact_proxy.go:159.160,161.16 2 1
terraform-provider-genesyscloud/genesyscloud/external_contacts/genesyscloud_externalcontacts_contact_proxy.go:161.16,163.3 1 1
terraform-provider-genesyscloud/genesyscloud/external_contacts/genesyscloud_externalcontacts_contact_proxy.go:165.2,165.32 1 1
terraform-provider-genesyscloud/genesyscloud/external_contacts/genesyscloud_externalcontacts_contact_proxy.go:169.161,173.16 4 1
terraform-provider-genesyscloud/genesyscloud/external_contacts/genesyscloud_externalcontacts_contact_proxy.go:173.16,175.3 1 0
terraform-provider-genesyscloud/genesyscloud/external_contacts/genesyscloud_externalcontacts_contact_proxy.go:177.2,177.62 1 1
terraform-provider-genesyscloud/genesyscloud/external_contacts/genesyscloud_externalcontacts_contact_proxy.go:177.62,179.3 1 1
terraform-provider-genesyscloud/genesyscloud/external_contacts/genesyscloud_externalcontacts_contact_proxy.go:181.2,181.33 1 1
terraform-provider-genesyscloud/genesyscloud/external_contacts/genesyscloud_externalcontacts_contact_proxy.go:181.33,183.3 1 0
terraform-provider-genesyscloud/genesyscloud/external_contacts/genesyscloud_externalcontacts_contact_proxy.go:185.2,187.32 3 1
terraform-provider-genesyscloud/genesyscloud/external_contacts/genesyscloud_externalcontacts_contact_proxy.go:191.205,193.16 2 1
terraform-provider-genesyscloud/genesyscloud/external_contacts/genesyscloud_externalcontacts_contact_proxy.go:193.16,195.3 1 0
terraform-provider-genesyscloud/genesyscloud/external_contacts/genesyscloud_externalcontacts_contact_proxy.go:196.2,196.29 1 1
terraform-provider-genesyscloud/genesyscloud/external_contacts/resource_genesyscloud_externalcontacts_contact.go:41.155,46.16 4 0
terraform-provider-genesyscloud/genesyscloud/external_contacts/resource_genesyscloud_externalcontacts_contact.go:46.16,48.3 1 0
terraform-provider-genesyscloud/genesyscloud/external_contacts/resource_genesyscloud_externalcontacts_contact.go:50.2,50.52 1 0
terraform-provider-genesyscloud/genesyscloud/external_contacts/resource_genesyscloud_externalcontacts_contact.go:50.52,53.3 2 0
terraform-provider-genesyscloud/genesyscloud/external_contacts/resource_genesyscloud_externalcontacts_contact.go:55.2,55.23 1 0
terraform-provider-genesyscloud/genesyscloud/external_contacts/resource_genesyscloud_externalcontacts_contact.go:59.108,66.16 5 1
terraform-provider-genesyscloud/genesyscloud/external_contacts/resource_genesyscloud_externalcontacts_contact.go:66.16,68.3 1 0
terraform-provider-genesyscloud/genesyscloud/external_contacts/resource_genesyscloud_externalcontacts_contact.go:70.2,72.42 3 1
terraform-provider-genesyscloud/genesyscloud/external_contacts/resource_genesyscloud_externalcontacts_contact.go:76.106,82.68 4 1
terraform-provider-genesyscloud/genesyscloud/external_contacts/resource_genesyscloud_externalcontacts_contact.go:82.68,84.20 2 1
terraform-provider-genesyscloud/genesyscloud/external_contacts/resource_genesyscloud_externalcontacts_contact.go:84.20,85.41 1 0
[...]
terraform-provider-genesyscloud/genesyscloud/telephony_providers_edges_site/resource_genesyscloud_telephony_providers_edges_site_utils.go:224.56,226.118 1 1
terraform-provider-genesyscloud/genesyscloud/telephony_providers_edges_site/resource_genesyscloud_telephony_providers_edges_site_utils.go:226.118,228.4 1 1
terraform-provider-genesyscloud/genesyscloud/telephony_providers_edges_site/resource_genesyscloud_telephony_providers_edges_site_utils.go:231.2,231.107 1 1
terraform-provider-genesyscloud/genesyscloud/telephony_providers_edges_site/resource_genesyscloud_telephony_providers_edges_site_utils.go:231.107,235.17 3 1
terraform-provider-genesyscloud/genesyscloud/telephony_providers_edges_site/resource_genesyscloud_telephony_providers_edges_site_utils.go:235.17,237.19 2 0
terraform-provider-genesyscloud/genesyscloud/telephony_providers_edges_site/resource_genesyscloud_telephony_providers_edges_site_utils.go:237.19,239.5 1 0
terraform-provider-genesyscloud/genesyscloud/telephony_providers_edges_site/resource_genesyscloud_telephony_providers_edges_site_utils.go:240.4,240.105 1 0
terraform-provider-genesyscloud/genesyscloud/telephony_providers_edges_site/resource_genesyscloud_telephony_providers_edges_site_utils.go:242.3,242.19 1 1
terraform-provider-genesyscloud/genesyscloud/telephony_providers_edges_site/resource_genesyscloud_telephony_providers_edges_site_utils.go:244.2,244.20 1 1
terraform-provider-genesyscloud/genesyscloud/telephony_providers_edges_site/resource_genesyscloud_telephony_providers_edges_site_utils.go:244.20,246.3 1 0
terraform-provider-genesyscloud/genesyscloud/telephony_providers_edges_site/resource_genesyscloud_telephony_providers_edges_site_utils.go:248.2,250.12 2 1
terraform-provider-genesyscloud/genesyscloud/telephony_providers_edges_site/resource_genesyscloud_telephony_providers_edges_site_utils.go:253.108,254.37 1 1
terraform-provider-genesyscloud/genesyscloud/telephony_providers_edges_site/resource_genesyscloud_telephony_providers_edges_site_utils.go:254.37,256.3 1 1
terraform-provider-genesyscloud/genesyscloud/telephony_providers_edges_site/resource_genesyscloud_telephony_providers_edges_site_utils.go:257.2,258.16 2 1
terraform-provider-genesyscloud/genesyscloud/telephony_providers_edges_site/resource_genesyscloud_telephony_providers_edges_site_utils.go:258.16,260.3 1 0
terraform-provider-genesyscloud/genesyscloud/telephony_providers_edges_site/resource_genesyscloud_telephony_providers_edges_site_utils.go:261.2,264.29 3 1
terraform-provider-genesyscloud/genesyscloud/telephony_providers_edges_site/resource_genesyscloud_telephony_providers_edges_site_utils.go:264.29,271.115 5 1
terraform-provider-genesyscloud/genesyscloud/telephony_providers_edges_site/resource_genesyscloud_telephony_providers_edges_site_utils.go:271.115,273.59 2 1
terraform-provider-genesyscloud/genesyscloud/telephony_providers_edges_site/resource_genesyscloud_telephony_providers_edges_site_utils.go:273.59,275.5 1 1
terraform-provider-genesyscloud/genesyscloud/telephony_providers_edges_site/resource_genesyscloud_telephony_providers_edges_site_utils.go:276.4,276.50 1 1
terraform-provider-genesyscloud/genesyscloud/telephony_providers_edges_site/resource_genesyscloud_telephony_providers_edges_site_utils.go:278.3,278.49 1 1
terraform-provider-genesyscloud/genesyscloud/telephony_providers_edges_site/resource_genesyscloud_telephony_providers_edges_site_utils.go:278.49,280.4 1 1
terraform-provider-genesyscloud/genesyscloud/telephony_providers_edges_site/resource_genesyscloud_telephony_providers_edges_site_utils.go:281.3,283.120 2 1
terraform-provider-genesyscloud/genesyscloud/telephony_providers_edges_site/resource_genesyscloud_telephony_providers_edges_site_utils.go:283.120,285.61 2 1
terraform-provider-genesyscloud/genesyscloud/telephony_providers_edges_site/resource_genesyscloud_telephony_providers_edges_site_utils.go:285.61,288.5 2 1
terraform-provider-genesyscloud/genesyscloud/telephony_providers_edges_site/resource_genesyscloud_telephony_providers_edges_site_utils.go:289.4,289.49 1 1
terraform-provider-genesyscloud/genesyscloud/telephony_providers_edges_site/resource_genesyscloud_telephony_providers_edges_site_utils.go:292.3,292.75 1 1
terraform-provider-genesyscloud/genesyscloud/telephony_providers_edges_site/resource_genesyscloud_telephony_providers_edges_site_utils.go:296.2,300.16 3 1
terraform-provider-genesyscloud/genesyscloud/telephony_providers_edges_site/resource_genesyscloud_telephony_providers_edges_site_utils.go:300.16,302.3 1 0
terraform-provider-genesyscloud/genesyscloud/telephony_providers_edges_site/resource_genesyscloud_telephony_providers_edges_site_utils.go:305.2,305.62 1 1
terraform-provider-genesyscloud/genesyscloud/telephony_providers_edges_site/resource_genesyscloud_telephony_providers_edges_site_utils.go:305.62,307.91 1 1
terraform-provider-genesyscloud/genesyscloud/telephony_providers_edges_site/resource_genesyscloud_telephony_providers_edges_site_utils.go:307.91,309.18 2 1
terraform-provider-genesyscloud/genesyscloud/telephony_providers_edges_site/resource_genesyscloud_telephony_providers_edges_site_utils.go:309.18,310.33 1 0
terraform-provider-genesyscloud/genesyscloud/telephony_providers_edges_site/resource_genesyscloud_telephony_providers_edges_site_utils.go:310.33,312.6 1 0
terraform-provider-genesyscloud/genesyscloud/telephony_providers_edges_site/resource_genesyscloud_telephony_providers_edges_site_utils.go:313.5,313.88 1 0
terraform-provider-genesyscloud/genesyscloud/telephony_providers_edges_site/resource_genesyscloud_telephony_providers_edges_site_utils.go:317.2,320.59 2 1
terraform-provider-genesyscloud/genesyscloud/telephony_providers_edges_site/resource_genesyscloud_telephony_providers_edges_site_utils.go:320.59,321.103 1 1
terraform-provider-genesyscloud/genesyscloud/telephony_providers_edges_site/resource_genesyscloud_telephony_providers_edges_site_utils.go:321.103,331.18 8 1
terraform-provider-genesyscloud/genesyscloud/telephony_providers_edges_site/resource_genesyscloud_telephony_providers_edges_site_utils.go:331.18,333.5 1 0
terraform-provider-genesyscloud/genesyscloud/telephony_providers_edges_site/resource_genesyscloud_telephony_providers_edges_site_utils.go:334.9,337.18 2 1
terraform-provider-genesyscloud/genesyscloud/telephony_providers_edges_site/resource_genesyscloud_telephony_providers_edges_site_utils.go:337.18,339.5 1 0
terraform-provider-genesyscloud/genesyscloud/telephony_providers_edges_site/resource_genesyscloud_telephony_providers_edges_site_utils.go:344.2,346.12 2 1
terraform-provider-genesyscloud/genesyscloud/telephony_providers_edges_site/resource_genesyscloud_telephony_providers_edges_site_utils.go:349.38,350.43 1 1
terraform-provider-genesyscloud/genesyscloud/telephony_providers_edges_site/resource_genesyscloud_telephony_providers_edges_site_utils.go:350.43,351.26 1 1
terraform-provider-genesyscloud/genesyscloud/telephony_providers_edges_site/resource_genesyscloud_telephony_providers_edges_site_utils.go:351.26,353.4 1 1
terraform-provider-genesyscloud/genesyscloud/telephony_providers_edges_site/resource_genesyscloud_telephony_providers_edges_site_utils.go:355.2,355.14 1 1
terraform-provider-genesyscloud/genesyscloud/telephony_providers_edges_site/resource_genesyscloud_telephony_providers_edges_site_utils.go:359.69,360.28 1 1
terraform-provider-genesyscloud/genesyscloud/telephony_providers_edges_site/resource_genesyscloud_telephony_providers_edges_site_utils.go:360.28,362.34 2 1
terraform-provider-genesyscloud/genesyscloud/telephony_providers_edges_site/resource_genesyscloud_telephony_providers_edges_site_utils.go:362.34,364.4 1 1
terraform-provider-genesyscloud/genesyscloud/telephony_providers_edges_site/resource_genesyscloud_telephony_providers_edges_site_utils.go:366.2,366.14 1 1
terraform-provider-genesyscloud/genesyscloud/telephony_providers_edges_site/resource_genesyscloud_telephony_providers_edges_site_utils.go:369.104,371.16 2 1
terraform-provider-genesyscloud/genesyscloud/telephony_providers_edges_site/resource_genesyscloud_telephony_providers_edges_site_utils.go:371.16,372.31 1 0
terraform-provider-genesyscloud/genesyscloud/telephony_providers_edges_site/resource_genesyscloud_telephony_providers_edges_site_utils.go:372.31,375.4 2 0
terraform-provider-genesyscloud/genesyscloud/telephony_providers_edges_site/resource_genesyscloud_telephony_providers_edges_site_utils.go:376.3,376.105 1 0
terraform-provider-genesyscloud/genesyscloud/telephony_providers_edges_site/resource_genesyscloud_telephony_providers_edges_site_utils.go:379.2,380.27 2 1
terraform-provider-genesyscloud/genesyscloud/telephony_providers_edges_site/resource_genesyscloud_telephony_providers_edges_site_utils.go:380.27,381.43 1 1
terraform-provider-genesyscloud/genesyscloud/telephony_providers_edges_site/resource_genesyscloud_telephony_providers_edges_site_utils.go:381.43,384.4 2 1
terraform-provider-genesyscloud/genesyscloud/telephony_providers_edges_site/resource_genesyscloud_telephony_providers_edges_site_utils.go:385.3,385.38 1 1
terraform-provider-genesyscloud/genesyscloud/telephony_providers_edges_site/resource_genesyscloud_telephony_providers_edges_site_utils.go:386.8,388.3 1 1
terraform-provider-genesyscloud/genesyscloud/telephony_providers_edges_site/resource_genesyscloud_telephony_providers_edges_site_utils.go:390.2,390.12 1 1
terraform-provider-genesyscloud/genesyscloud/telephony_providers_edges_site/resource_genesyscloud_telephony_providers_edges_site_utils.go:393.107,395.16 2 1
terraform-provider-genesyscloud/genesyscloud/telephony_providers_edges_site/resource_genesyscloud_telephony_providers_edges_site_utils.go:395.16,397.3 1 0
terraform-provider-genesyscloud/genesyscloud/telephony_providers_edges_site/resource_genesyscloud_telephony_providers_edges_site_utils.go:399.2,401.30 2 1
terraform-provider-genesyscloud/genesyscloud/telephony_providers_edges_site/resource_genesyscloud_telephony_providers_edges_site_utils.go:401.30,402.49 1 1
terraform-provider-genesyscloud/genesyscloud/telephony_providers_edges_site/resource_genesyscloud_telephony_providers_edges_site_utils.go:402.49,410.48 6 1
terraform-provider-genesyscloud/genesyscloud/telephony_providers_edges_site/resource_genesyscloud_telephony_providers_edges_site_utils.go:410.48,412.5 1 1
terraform-provider-genesyscloud/genesyscloud/telephony_providers_edges_site/resource_genesyscloud_telephony_providers_edges_site_utils.go:414.4,414.50 1 1
terraform-provider-genesyscloud/genesyscloud/telephony_providers_edges_site/resource_genesyscloud_telephony_providers_edges_site_utils.go:414.50,416.73 2 1
terraform-provider-genesyscloud/genesyscloud/telephony_providers_edges_site/resource_genesyscloud_telephony_providers_edges_site_utils.go:416.73,418.6 1 1
terraform-provider-genesyscloud/genesyscloud/telephony_providers_edges_site/resource_genesyscloud_telephony_providers_edges_site_utils.go:419.5,419.102 1 1
terraform-provider-genesyscloud/genesyscloud/telephony_providers_edges_site/resource_genesyscloud_telephony_providers_edges_site_utils.go:422.4,422.39 1 1
terraform-provider-genesyscloud/genesyscloud/telephony_providers_edges_site/resource_genesyscloud_telephony_providers_edges_site_utils.go:424.3,424.44 1 1
terraform-provider-genesyscloud/genesyscloud/telephony_providers_edges_site/resource_genesyscloud_telephony_providers_edges_site_utils.go:425.8,427.3 1 1
terraform-provider-genesyscloud/genesyscloud/telephony_providers_edges_site/resource_genesyscloud_telephony_providers_edges_site_utils.go:429.2,429.12 1 1
terraform-provider-genesyscloud/genesyscloud/telephony_providers_edges_site/resource_genesyscloud_telephony_providers_edges_site_utils.go:432.112,433.33 1 1
terraform-provider-genesyscloud/genesyscloud/telephony_providers_edges_site/resource_genesyscloud_telephony_providers_edges_site_utils.go:433.33,435.3 1 0
terraform-provider-genesyscloud/genesyscloud/telephony_providers_edges_site/resource_genesyscloud_telephony_providers_edges_site_utils.go:437.2,443.47 6 1
terraform-provider-genesyscloud/genesyscloud/telephony_providers_edges_site/resource_genesyscloud_telephony_providers_edges_site_utils.go:446.77,455.31 7 1
terraform-provider-genesyscloud/genesyscloud/telephony_providers_edges_site/resource_genesyscloud_telephony_providers_edges_site_utils.go:455.31,457.46 2 1
terraform-provider-genesyscloud/genesyscloud/telephony_providers_edges_site/resource_genesyscloud_telephony_providers_edges_site_utils.go:457.46,459.27 2 1
terraform-provider-genesyscloud/genesyscloud/telephony_providers_edges_site/resource_genesyscloud_telephony_providers_edges_site_utils.go:459.27,461.5 1 1
terraform-provider-genesyscloud/genesyscloud/telephony_providers_edges_site/resource_genesyscloud_telephony_providers_edges_site_utils.go:462.4,462.25 1 1
terraform-provider-genesyscloud/genesyscloud/telephony_providers_edges_site/resource_genesyscloud_telephony_providers_edges_site_utils.go:462.25,464.5 1 1
terraform-provider-genesyscloud/genesyscloud/telephony_providers_edges_site/resource_genesyscloud_telephony_providers_edges_site_utils.go:465.4,465.40 1 1
terraform-provider-genesyscloud/genesyscloud/telephony_providers_edges_site/resource_genesyscloud_telephony_providers_edges_site_utils.go:467.3,467.35 1 1
terraform-provider-genesyscloud/genesyscloud/telephony_providers_edges_site/resource_genesyscloud_telephony_providers_edges_site_utils.go:469.2,469.35 1 1
terraform-provider-genesyscloud/genesyscloud/telephony_providers_edges_site/resource_genesyscloud_telephony_providers_edges_site_utils.go:469.35,472.42 3 1
terraform-provider-genesyscloud/genesyscloud/telephony_providers_edges_site/resource_genesyscloud_telephony_providers_edges_site_utils.go:472.42,474.4 1 1
terraform-provider-genesyscloud/genesyscloud/telephony_providers_edges_site/resource_genesyscloud_telephony_providers_edges_site_utils.go:475.3,475.40 1 1
terraform-provider-genesyscloud/genesyscloud/telephony_providers_edges_site/resource_genesyscloud_telephony_providers_edges_site_utils.go:475.40,477.4 1 1
terraform-provider-genesyscloud/genesyscloud/telephony_providers_edges_site/resource_genesyscloud_telephony_providers_edges_site_utils.go:478.3,479.44 2 1
terraform-provider-genesyscloud/genesyscloud/telephony_providers_edges_site/resource_genesyscloud_telephony_providers_edges_site_utils.go:481.2,481.20 1 1
terraform-provider-genesyscloud/genesyscloud/telephony_providers_edges_site/resource_genesyscloud_telephony_providers_edges_site_utils.go:484.107,485.91 1 1
terraform-provider-genesyscloud/genesyscloud/telephony_providers_edges_site/resource_genesyscloud_telephony_providers_edges_site_utils.go:485.91,486.106 1 1
terraform-provider-genesyscloud/genesyscloud/telephony_providers_edges_site/resource_genesyscloud_telephony_providers_edges_site_utils.go:486.106,495.18 7 1
terraform-provider-genesyscloud/genesyscloud/telephony_providers_edges_site/resource_genesyscloud_telephony_providers_edges_site_utils.go:495.18,497.5 1 0
terraform-provider-genesyscloud/genesyscloud/telephony_providers_edges_site/resource_genesyscloud_telephony_providers_edges_site_utils.go:499.4,500.18 2 1
terraform-provider-genesyscloud/genesyscloud/telephony_providers_edges_site/resource_genesyscloud_telephony_providers_edges_site_utils.go:500.18,502.5 1 0
terraform-provider-genesyscloud/genesyscloud/telephony_providers_edges_site/resource_genesyscloud_telephony_providers_edges_site_utils.go:504.4,509.10 1 1
terraform-provider-genesyscloud/genesyscloud/telephony_providers_edges_site/resource_genesyscloud_telephony_providers_edges_site_utils.go:513.2,513.17 1 1
terraform-provider-genesyscloud/genesyscloud/telephony_providers_edges_site/resource_genesyscloud_telephony_providers_edges_site_utils.go:526.31,539.2 1 1
terraform-provider-genesyscloud/genesyscloud/telephony_providers_edges_site/resource_genesyscloud_telephony_providers_edges_site_utils.go:542.61,546.32 3 1
terraform-provider-genesyscloud/genesyscloud/telephony_providers_edges_site/resource_genesyscloud_telephony_providers_edges_site_utils.go:546.32,549.20 3 1
terraform-provider-genesyscloud/genesyscloud/telephony_providers_edges_site/resource_genesyscloud_telephony_providers_edges_site_utils.go:549.20,551.4 1 0
terraform-provider-genesyscloud/genesyscloud/telephony_providers_edges_site/resource_genesyscloud_telephony_providers_edges_site_utils.go:553.3,553.65 1 1
terraform-provider-genesyscloud/genesyscloud/telephony_providers_edges_site/resource_genesyscloud_telephony_providers_edges_site_utils.go:553.65,554.9 1 1
terraform-provider-genesyscloud/genesyscloud/telephony_providers_edges_site/resource_genesyscloud_telephony_providers_edges_site_utils.go:557.3,557.48 1 1
terraform-provider-genesyscloud/genesyscloud/telephony_providers_edges_site/resource_genesyscloud_telephony_providers_edges_site_utils.go:557.48,558.39 1 1
terraform-provider-genesyscloud/genesyscloud/telephony_providers_edges_site/resource_genesyscloud_telephony_providers_edges_site_utils.go:558.39,559.74 1 1
terraform-provider-genesyscloud/genesyscloud/telephony_providers_edges_site/resource_genesyscloud_telephony_providers_edges_site_utils.go:559.74,561.20 2 0
terraform-provider-genesyscloud/genesyscloud/telephony_providers_edges_site/resource_genesyscloud_telephony_providers_edges_site_utils.go:561.20,563.7 1 0
terraform-provider-genesyscloud/genesyscloud/telephony_providers_edges_site/resource_genesyscloud_telephony_providers_edges_site_utils.go:564.6,566.16 3 0
terraform-provider-genesyscloud/genesyscloud/telephony_providers_edges_site/resource_genesyscloud_telephony_providers_edges_site_utils.go:572.2,572.12 1 1
terraform-provider-genesyscloud/genesyscloud/telephony_providers_edges_site/resource_genesyscloud_telephony_providers_edges_site_utils.go:577.56,580.32 3 0
terraform-provider-genesyscloud/genesyscloud/telephony_providers_edges_site/resource_genesyscloud_telephony_providers_edges_site_utils.go:580.32,583.20 3 0
terraform-provider-genesyscloud/genesyscloud/telephony_providers_edges_site/resource_genesyscloud_telephony_providers_edges_site_utils.go:583.20,585.4 1 0
terraform-provider-genesyscloud/genesyscloud/telephony_providers_edges_site/resource_genesyscloud_telephony_providers_edges_site_utils.go:587.3,587.57 1 0
terraform-provider-genesyscloud/genesyscloud/telephony_providers_edges_site/resource_genesyscloud_telephony_providers_edges_site_utils.go:587.57,589.4 1 0
terraform-provider-genesyscloud/genesyscloud/telephony_providers_edges_site/resource_genesyscloud_telephony_providers_edges_site_utils.go:591.3,591.40 1 0
terraform-provider-genesyscloud/genesyscloud/telephony_providers_edges_site/resource_genesyscloud_telephony_providers_edges_site_utils.go:591.40,592.63 1 0
terraform-provider-genesyscloud/genesyscloud/telephony_providers_edges_site/resource_genesyscloud_telephony_providers_edges_site_utils.go:592.63,594.19 2 0
terraform-provider-genesyscloud/genesyscloud/telephony_providers_edges_site/resource_genesyscloud_telephony_providers_edges_site_utils.go:594.19,596.6 1 0
terraform-provider-genesyscloud/genesyscloud/telephony_providers_edges_site/resource_genesyscloud_telephony_providers_edges_site_utils.go:597.5,598.10 2 0
terraform-provider-genesyscloud/genesyscloud/telephony_providers_edges_site/resource_genesyscloud_telephony_providers_edges_site_utils.go:605.64,610.16 4 1
terraform-provider-genesyscloud/genesyscloud/telephony_providers_edges_site/resource_genesyscloud_telephony_providers_edges_site_utils.go:610.16,612.3 1 0
terraform-provider-genesyscloud/genesyscloud/telephony_providers_edges_site/resource_genesyscloud_telephony_providers_edges_site_utils.go:613.2,613.30 1 1
terraform-provider-genesyscloud/genesyscloud/telephony_providers_edges_site/resource_genesyscloud_telephony_providers_edges_site_utils.go:613.30,615.3 1 0
terraform-provider-genesyscloud/genesyscloud/telephony_providers_edges_site/resource_genesyscloud_telephony_providers_edges_site_utils.go:617.2,617.32 1 1
